{"/home/runner/work/microscope-canvas/microscope-canvas/src/lib/services/autosave.ts": {"path":"/home/runner/work/microscope-canvas/microscope-canvas/src/lib/services/autosave.ts","statementMap":{"0":{"start":{"line":11,"column":34},"end":{"line":11,"column":null}},"1":{"start":{"line":28,"column":55},"end":{"line":28,"column":null}},"2":{"start":{"line":29,"column":29},"end":{"line":29,"column":null}},"3":{"start":{"line":37,"column":2},"end":{"line":39,"column":null}},"4":{"start":{"line":38,"column":3},"end":{"line":38,"column":null}},"5":{"start":{"line":41,"column":2},"end":{"line":41,"column":null}},"6":{"start":{"line":44,"column":2},"end":{"line":57,"column":null}},"7":{"start":{"line":45,"column":3},"end":{"line":55,"column":null}},"8":{"start":{"line":46,"column":4},"end":{"line":54,"column":null}},"9":{"start":{"line":47,"column":5},"end":{"line":47,"column":null}},"10":{"start":{"line":49,"column":5},"end":{"line":53,"column":null}},"11":{"start":{"line":50,"column":6},"end":{"line":50,"column":null}},"12":{"start":{"line":52,"column":6},"end":{"line":52,"column":null}},"13":{"start":{"line":56,"column":3},"end":{"line":56,"column":null}},"14":{"start":{"line":64,"column":2},"end":{"line":67,"column":null}},"15":{"start":{"line":65,"column":3},"end":{"line":65,"column":null}},"16":{"start":{"line":66,"column":3},"end":{"line":66,"column":null}},"17":{"start":{"line":68,"column":2},"end":{"line":68,"column":null}},"18":{"start":{"line":77,"column":2},"end":{"line":80,"column":null}},"19":{"start":{"line":78,"column":3},"end":{"line":78,"column":null}},"20":{"start":{"line":79,"column":3},"end":{"line":79,"column":null}},"21":{"start":{"line":82,"column":21},"end":{"line":82,"column":null}},"22":{"start":{"line":83,"column":2},"end":{"line":83,"column":null}},"23":{"start":{"line":85,"column":2},"end":{"line":95,"column":null}},"24":{"start":{"line":86,"column":3},"end":{"line":94,"column":null}},"25":{"start":{"line":87,"column":4},"end":{"line":87,"column":null}},"26":{"start":{"line":89,"column":4},"end":{"line":93,"column":null}},"27":{"start":{"line":90,"column":5},"end":{"line":90,"column":null}},"28":{"start":{"line":92,"column":5},"end":{"line":92,"column":null}},"29":{"start":{"line":98,"column":1},"end":{"line":102,"column":null}}},"fnMap":{"0":{"name":"createAutosave","decl":{"start":{"line":24,"column":16},"end":{"line":24,"column":null}},"loc":{"start":{"line":27,"column":2},"end":{"line":103,"column":null}},"line":27},"1":{"name":"save","decl":{"start":{"line":35,"column":10},"end":{"line":35,"column":15}},"loc":{"start":{"line":35,"column":33},"end":{"line":58,"column":null}},"line":35},"2":{"name":"(anonymous_2)","decl":{"start":{"line":44,"column":25},"end":{"line":44,"column":37}},"loc":{"start":{"line":44,"column":37},"end":{"line":57,"column":5}},"line":44},"3":{"name":"cancel","decl":{"start":{"line":63,"column":10},"end":{"line":63,"column":25}},"loc":{"start":{"line":63,"column":25},"end":{"line":69,"column":null}},"line":63},"4":{"name":"flush","decl":{"start":{"line":75,"column":16},"end":{"line":75,"column":39}},"loc":{"start":{"line":75,"column":39},"end":{"line":96,"column":null}},"line":75}},"branchMap":{"0":{"loc":{"start":{"line":26,"column":1},"end":{"line":26,"column":null}},"type":"default-arg","locations":[{"start":{"line":26,"column":19},"end":{"line":26,"column":null}}],"line":26},"1":{"loc":{"start":{"line":37,"column":2},"end":{"line":39,"column":null}},"type":"if","locations":[{"start":{"line":37,"column":2},"end":{"line":39,"column":null}},{"start":{},"end":{}}],"line":37},"2":{"loc":{"start":{"line":45,"column":3},"end":{"line":55,"column":null}},"type":"if","locations":[{"start":{"line":45,"column":3},"end":{"line":55,"column":null}},{"start":{},"end":{}}],"line":45},"3":{"loc":{"start":{"line":49,"column":5},"end":{"line":53,"column":null}},"type":"if","locations":[{"start":{"line":49,"column":5},"end":{"line":53,"column":null}},{"start":{"line":51,"column":12},"end":{"line":53,"column":null}}],"line":49},"4":{"loc":{"start":{"line":49,"column":9},"end":{"line":49,"column":55}},"type":"binary-expr","locations":[{"start":{"line":49,"column":9},"end":{"line":49,"column":46}},{"start":{"line":49,"column":46},"end":{"line":49,"column":55}}],"line":49},"5":{"loc":{"start":{"line":64,"column":2},"end":{"line":67,"column":null}},"type":"if","locations":[{"start":{"line":64,"column":2},"end":{"line":67,"column":null}},{"start":{},"end":{}}],"line":64},"6":{"loc":{"start":{"line":77,"column":2},"end":{"line":80,"column":null}},"type":"if","locations":[{"start":{"line":77,"column":2},"end":{"line":80,"column":null}},{"start":{},"end":{}}],"line":77},"7":{"loc":{"start":{"line":85,"column":2},"end":{"line":95,"column":null}},"type":"if","locations":[{"start":{"line":85,"column":2},"end":{"line":95,"column":null}},{"start":{},"end":{}}],"line":85},"8":{"loc":{"start":{"line":89,"column":4},"end":{"line":93,"column":null}},"type":"if","locations":[{"start":{"line":89,"column":4},"end":{"line":93,"column":null}},{"start":{"line":91,"column":11},"end":{"line":93,"column":null}}],"line":89},"9":{"loc":{"start":{"line":89,"column":8},"end":{"line":89,"column":54}},"type":"binary-expr","locations":[{"start":{"line":89,"column":8},"end":{"line":89,"column":45}},{"start":{"line":89,"column":45},"end":{"line":89,"column":54}}],"line":89}},"s":{"0":1,"1":12,"2":12,"3":11,"4":1,"5":11,"6":11,"7":5,"8":5,"9":5,"10":2,"11":1,"12":1,"13":5,"14":1,"15":1,"16":1,"17":1,"18":5,"19":4,"20":4,"21":5,"22":5,"23":5,"24":4,"25":4,"26":2,"27":1,"28":1,"29":12},"f":{"0":12,"1":11,"2":5,"3":1,"4":5},"b":{"0":[12],"1":[1,10],"2":[5,0],"3":[1,1],"4":[2,1],"5":[1,0],"6":[4,1],"7":[4,1],"8":[1,1],"9":[2,1]},"meta":{"lastBranch":10,"lastFunction":5,"lastStatement":30,"seen":{"s:11:34:11:Infinity":0,"f:24:16:24:Infinity":0,"b:26:19:26:Infinity":0,"s:28:55:28:Infinity":1,"s:29:29:29:Infinity":2,"f:35:10:35:15":1,"b:37:2:39:Infinity:undefined:undefined:undefined:undefined":1,"s:37:2:39:Infinity":3,"s:38:3:38:Infinity":4,"s:41:2:41:Infinity":5,"s:44:2:57:Infinity":6,"f:44:25:44:37":2,"b:45:3:55:Infinity:undefined:undefined:undefined:undefined":2,"s:45:3:55:Infinity":7,"s:46:4:54:Infinity":8,"s:47:5:47:Infinity":9,"b:49:5:53:Infinity:51:12:53:Infinity":3,"s:49:5:53:Infinity":10,"b:49:9:49:46:49:46:49:55":4,"s:50:6:50:Infinity":11,"s:52:6:52:Infinity":12,"s:56:3:56:Infinity":13,"f:63:10:63:25":3,"b:64:2:67:Infinity:undefined:undefined:undefined:undefined":5,"s:64:2:67:Infinity":14,"s:65:3:65:Infinity":15,"s:66:3:66:Infinity":16,"s:68:2:68:Infinity":17,"f:75:16:75:39":4,"b:77:2:80:Infinity:undefined:undefined:undefined:undefined":6,"s:77:2:80:Infinity":18,"s:78:3:78:Infinity":19,"s:79:3:79:Infinity":20,"s:82:21:82:Infinity":21,"s:83:2:83:Infinity":22,"b:85:2:95:Infinity:undefined:undefined:undefined:undefined":7,"s:85:2:95:Infinity":23,"s:86:3:94:Infinity":24,"s:87:4:87:Infinity":25,"b:89:4:93:Infinity:91:11:93:Infinity":8,"s:89:4:93:Infinity":26,"b:89:8:89:45:89:45:89:54":9,"s:90:5:90:Infinity":27,"s:92:5:92:Infinity":28,"s:98:1:102:Infinity":29}}}
,"/home/runner/work/microscope-canvas/microscope-canvas/src/lib/services/game-actions.ts": {"path":"/home/runner/work/microscope-canvas/microscope-canvas/src/lib/services/game-actions.ts","statementMap":{"0":{"start":{"line":58,"column":7},"end":{"line":58,"column":null}},"1":{"start":{"line":60,"column":36},"end":{"line":66,"column":null}},"2":{"start":{"line":68,"column":1},"end":{"line":68,"column":null}},"3":{"start":{"line":70,"column":1},"end":{"line":70,"column":null}},"4":{"start":{"line":77,"column":16},"end":{"line":77,"column":null}},"5":{"start":{"line":77,"column":41},"end":{"line":77,"column":58}},"6":{"start":{"line":78,"column":1},"end":{"line":78,"column":null}},"7":{"start":{"line":78,"column":14},"end":{"line":78,"column":null}},"8":{"start":{"line":80,"column":7},"end":{"line":80,"column":null}},"9":{"start":{"line":81,"column":15},"end":{"line":81,"column":null}},"10":{"start":{"line":83,"column":35},"end":{"line":90,"column":null}},"11":{"start":{"line":92,"column":1},"end":{"line":92,"column":null}},"12":{"start":{"line":94,"column":1},"end":{"line":94,"column":null}},"13":{"start":{"line":105,"column":16},"end":{"line":105,"column":null}},"14":{"start":{"line":105,"column":41},"end":{"line":105,"column":58}},"15":{"start":{"line":106,"column":1},"end":{"line":106,"column":null}},"16":{"start":{"line":106,"column":14},"end":{"line":106,"column":null}},"17":{"start":{"line":108,"column":15},"end":{"line":108,"column":null}},"18":{"start":{"line":108,"column":41},"end":{"line":108,"column":57}},"19":{"start":{"line":109,"column":1},"end":{"line":109,"column":null}},"20":{"start":{"line":109,"column":13},"end":{"line":109,"column":null}},"21":{"start":{"line":111,"column":7},"end":{"line":111,"column":null}},"22":{"start":{"line":112,"column":15},"end":{"line":112,"column":null}},"23":{"start":{"line":114,"column":35},"end":{"line":122,"column":null}},"24":{"start":{"line":124,"column":1},"end":{"line":124,"column":null}},"25":{"start":{"line":126,"column":1},"end":{"line":126,"column":null}},"26":{"start":{"line":133,"column":21},"end":{"line":133,"column":null}},"27":{"start":{"line":133,"column":51},"end":{"line":133,"column":68}},"28":{"start":{"line":134,"column":1},"end":{"line":134,"column":null}},"29":{"start":{"line":134,"column":22},"end":{"line":134,"column":null}},"30":{"start":{"line":136,"column":16},"end":{"line":136,"column":null}},"31":{"start":{"line":138,"column":36},"end":{"line":144,"column":null}},"32":{"start":{"line":146,"column":1},"end":{"line":146,"column":null}},"33":{"start":{"line":146,"column":43},"end":{"line":146,"column":60}},"34":{"start":{"line":148,"column":1},"end":{"line":148,"column":null}},"35":{"start":{"line":159,"column":16},"end":{"line":159,"column":null}},"36":{"start":{"line":159,"column":41},"end":{"line":159,"column":58}},"37":{"start":{"line":160,"column":1},"end":{"line":160,"column":null}},"38":{"start":{"line":160,"column":14},"end":{"line":160,"column":null}},"39":{"start":{"line":162,"column":20},"end":{"line":162,"column":null}},"40":{"start":{"line":162,"column":51},"end":{"line":162,"column":67}},"41":{"start":{"line":163,"column":1},"end":{"line":163,"column":null}},"42":{"start":{"line":163,"column":21},"end":{"line":163,"column":null}},"43":{"start":{"line":165,"column":15},"end":{"line":165,"column":null}},"44":{"start":{"line":167,"column":35},"end":{"line":174,"column":null}},"45":{"start":{"line":176,"column":1},"end":{"line":176,"column":null}},"46":{"start":{"line":176,"column":45},"end":{"line":176,"column":61}},"47":{"start":{"line":178,"column":1},"end":{"line":178,"column":null}},"48":{"start":{"line":190,"column":16},"end":{"line":190,"column":null}},"49":{"start":{"line":190,"column":41},"end":{"line":190,"column":58}},"50":{"start":{"line":191,"column":1},"end":{"line":191,"column":null}},"51":{"start":{"line":191,"column":14},"end":{"line":191,"column":null}},"52":{"start":{"line":193,"column":15},"end":{"line":193,"column":null}},"53":{"start":{"line":193,"column":41},"end":{"line":193,"column":57}},"54":{"start":{"line":194,"column":1},"end":{"line":194,"column":null}},"55":{"start":{"line":194,"column":13},"end":{"line":194,"column":null}},"56":{"start":{"line":196,"column":20},"end":{"line":196,"column":null}},"57":{"start":{"line":196,"column":50},"end":{"line":196,"column":66}},"58":{"start":{"line":197,"column":1},"end":{"line":197,"column":null}},"59":{"start":{"line":197,"column":21},"end":{"line":197,"column":null}},"60":{"start":{"line":199,"column":15},"end":{"line":199,"column":null}},"61":{"start":{"line":201,"column":35},"end":{"line":209,"column":null}},"62":{"start":{"line":211,"column":1},"end":{"line":211,"column":null}},"63":{"start":{"line":211,"column":43},"end":{"line":211,"column":59}},"64":{"start":{"line":213,"column":1},"end":{"line":213,"column":null}},"65":{"start":{"line":224,"column":16},"end":{"line":224,"column":null}},"66":{"start":{"line":224,"column":41},"end":{"line":224,"column":58}},"67":{"start":{"line":225,"column":1},"end":{"line":225,"column":null}},"68":{"start":{"line":225,"column":14},"end":{"line":225,"column":null}},"69":{"start":{"line":227,"column":41},"end":{"line":227,"column":null}},"70":{"start":{"line":228,"column":36},"end":{"line":228,"column":null}},"71":{"start":{"line":230,"column":1},"end":{"line":235,"column":null}},"72":{"start":{"line":231,"column":2},"end":{"line":234,"column":null}},"73":{"start":{"line":232,"column":4},"end":{"line":232,"column":null}},"74":{"start":{"line":233,"column":4},"end":{"line":233,"column":null}},"75":{"start":{"line":237,"column":34},"end":{"line":243,"column":null}},"76":{"start":{"line":245,"column":1},"end":{"line":245,"column":null}},"77":{"start":{"line":247,"column":1},"end":{"line":247,"column":null}},"78":{"start":{"line":259,"column":16},"end":{"line":259,"column":null}},"79":{"start":{"line":259,"column":41},"end":{"line":259,"column":58}},"80":{"start":{"line":260,"column":1},"end":{"line":260,"column":null}},"81":{"start":{"line":260,"column":14},"end":{"line":260,"column":null}},"82":{"start":{"line":262,"column":15},"end":{"line":262,"column":null}},"83":{"start":{"line":262,"column":41},"end":{"line":262,"column":57}},"84":{"start":{"line":263,"column":1},"end":{"line":263,"column":null}},"85":{"start":{"line":263,"column":13},"end":{"line":263,"column":null}},"86":{"start":{"line":265,"column":44},"end":{"line":265,"column":null}},"87":{"start":{"line":266,"column":39},"end":{"line":266,"column":null}},"88":{"start":{"line":268,"column":1},"end":{"line":273,"column":null}},"89":{"start":{"line":269,"column":2},"end":{"line":272,"column":null}},"90":{"start":{"line":270,"column":4},"end":{"line":270,"column":null}},"91":{"start":{"line":271,"column":4},"end":{"line":271,"column":null}},"92":{"start":{"line":275,"column":33},"end":{"line":282,"column":null}},"93":{"start":{"line":284,"column":1},"end":{"line":284,"column":null}},"94":{"start":{"line":286,"column":1},"end":{"line":286,"column":null}},"95":{"start":{"line":299,"column":16},"end":{"line":299,"column":null}},"96":{"start":{"line":299,"column":41},"end":{"line":299,"column":58}},"97":{"start":{"line":300,"column":1},"end":{"line":300,"column":null}},"98":{"start":{"line":300,"column":14},"end":{"line":300,"column":null}},"99":{"start":{"line":302,"column":15},"end":{"line":302,"column":null}},"100":{"start":{"line":302,"column":41},"end":{"line":302,"column":57}},"101":{"start":{"line":303,"column":1},"end":{"line":303,"column":null}},"102":{"start":{"line":303,"column":13},"end":{"line":303,"column":null}},"103":{"start":{"line":305,"column":15},"end":{"line":305,"column":null}},"104":{"start":{"line":305,"column":40},"end":{"line":305,"column":56}},"105":{"start":{"line":306,"column":1},"end":{"line":306,"column":null}},"106":{"start":{"line":306,"column":13},"end":{"line":306,"column":null}},"107":{"start":{"line":308,"column":40},"end":{"line":308,"column":null}},"108":{"start":{"line":309,"column":35},"end":{"line":309,"column":null}},"109":{"start":{"line":311,"column":1},"end":{"line":316,"column":null}},"110":{"start":{"line":312,"column":2},"end":{"line":315,"column":null}},"111":{"start":{"line":313,"column":4},"end":{"line":313,"column":null}},"112":{"start":{"line":314,"column":4},"end":{"line":314,"column":null}},"113":{"start":{"line":318,"column":33},"end":{"line":326,"column":null}},"114":{"start":{"line":328,"column":1},"end":{"line":328,"column":null}},"115":{"start":{"line":330,"column":1},"end":{"line":330,"column":null}},"116":{"start":{"line":341,"column":1},"end":{"line":341,"column":null}},"117":{"start":{"line":341,"column":28},"end":{"line":341,"column":null}},"118":{"start":{"line":343,"column":23},"end":{"line":343,"column":null}},"119":{"start":{"line":343,"column":47},"end":{"line":343,"column":51}},"120":{"start":{"line":344,"column":20},"end":{"line":344,"column":null}},"121":{"start":{"line":345,"column":23},"end":{"line":345,"column":null}},"122":{"start":{"line":346,"column":1},"end":{"line":346,"column":null}},"123":{"start":{"line":347,"column":18},"end":{"line":347,"column":null}},"124":{"start":{"line":347,"column":40},"end":{"line":347,"column":44}},"125":{"start":{"line":349,"column":38},"end":{"line":354,"column":null}},"126":{"start":{"line":356,"column":1},"end":{"line":356,"column":null}},"127":{"start":{"line":358,"column":1},"end":{"line":358,"column":null}},"128":{"start":{"line":370,"column":1},"end":{"line":370,"column":null}},"129":{"start":{"line":370,"column":28},"end":{"line":370,"column":null}},"130":{"start":{"line":372,"column":16},"end":{"line":372,"column":null}},"131":{"start":{"line":372,"column":41},"end":{"line":372,"column":58}},"132":{"start":{"line":373,"column":1},"end":{"line":373,"column":null}},"133":{"start":{"line":373,"column":14},"end":{"line":373,"column":null}},"134":{"start":{"line":375,"column":23},"end":{"line":375,"column":null}},"135":{"start":{"line":375,"column":48},"end":{"line":375,"column":52}},"136":{"start":{"line":376,"column":19},"end":{"line":376,"column":null}},"137":{"start":{"line":377,"column":22},"end":{"line":377,"column":null}},"138":{"start":{"line":378,"column":1},"end":{"line":378,"column":null}},"139":{"start":{"line":379,"column":18},"end":{"line":379,"column":null}},"140":{"start":{"line":379,"column":39},"end":{"line":379,"column":43}},"141":{"start":{"line":381,"column":37},"end":{"line":387,"column":null}},"142":{"start":{"line":389,"column":1},"end":{"line":389,"column":null}},"143":{"start":{"line":391,"column":1},"end":{"line":391,"column":null}},"144":{"start":{"line":404,"column":1},"end":{"line":404,"column":null}},"145":{"start":{"line":404,"column":28},"end":{"line":404,"column":null}},"146":{"start":{"line":406,"column":16},"end":{"line":406,"column":null}},"147":{"start":{"line":406,"column":41},"end":{"line":406,"column":58}},"148":{"start":{"line":407,"column":1},"end":{"line":407,"column":null}},"149":{"start":{"line":407,"column":14},"end":{"line":407,"column":null}},"150":{"start":{"line":409,"column":15},"end":{"line":409,"column":null}},"151":{"start":{"line":409,"column":41},"end":{"line":409,"column":57}},"152":{"start":{"line":410,"column":1},"end":{"line":410,"column":null}},"153":{"start":{"line":410,"column":13},"end":{"line":410,"column":null}},"154":{"start":{"line":412,"column":23},"end":{"line":412,"column":null}},"155":{"start":{"line":412,"column":47},"end":{"line":412,"column":51}},"156":{"start":{"line":413,"column":19},"end":{"line":413,"column":null}},"157":{"start":{"line":414,"column":22},"end":{"line":414,"column":null}},"158":{"start":{"line":415,"column":1},"end":{"line":415,"column":null}},"159":{"start":{"line":416,"column":18},"end":{"line":416,"column":null}},"160":{"start":{"line":416,"column":39},"end":{"line":416,"column":43}},"161":{"start":{"line":418,"column":37},"end":{"line":425,"column":null}},"162":{"start":{"line":427,"column":1},"end":{"line":427,"column":null}},"163":{"start":{"line":429,"column":1},"end":{"line":429,"column":null}},"164":{"start":{"line":454,"column":66},"end":{"line":454,"column":null}},"165":{"start":{"line":455,"column":56},"end":{"line":455,"column":null}},"166":{"start":{"line":457,"column":1},"end":{"line":460,"column":null}},"167":{"start":{"line":458,"column":2},"end":{"line":458,"column":null}},"168":{"start":{"line":459,"column":2},"end":{"line":459,"column":null}},"169":{"start":{"line":461,"column":1},"end":{"line":464,"column":null}},"170":{"start":{"line":462,"column":2},"end":{"line":462,"column":null}},"171":{"start":{"line":463,"column":2},"end":{"line":463,"column":null}},"172":{"start":{"line":465,"column":1},"end":{"line":468,"column":null}},"173":{"start":{"line":466,"column":2},"end":{"line":466,"column":null}},"174":{"start":{"line":467,"column":2},"end":{"line":467,"column":null}},"175":{"start":{"line":469,"column":1},"end":{"line":472,"column":null}},"176":{"start":{"line":470,"column":2},"end":{"line":470,"column":null}},"177":{"start":{"line":471,"column":2},"end":{"line":471,"column":null}},"178":{"start":{"line":473,"column":1},"end":{"line":476,"column":null}},"179":{"start":{"line":474,"column":2},"end":{"line":474,"column":null}},"180":{"start":{"line":475,"column":2},"end":{"line":475,"column":null}},"181":{"start":{"line":477,"column":1},"end":{"line":480,"column":null}},"182":{"start":{"line":478,"column":2},"end":{"line":478,"column":null}},"183":{"start":{"line":479,"column":2},"end":{"line":479,"column":null}},"184":{"start":{"line":481,"column":1},"end":{"line":484,"column":null}},"185":{"start":{"line":482,"column":2},"end":{"line":482,"column":null}},"186":{"start":{"line":483,"column":2},"end":{"line":483,"column":null}},"187":{"start":{"line":485,"column":1},"end":{"line":488,"column":null}},"188":{"start":{"line":486,"column":2},"end":{"line":486,"column":null}},"189":{"start":{"line":487,"column":2},"end":{"line":487,"column":null}},"190":{"start":{"line":489,"column":1},"end":{"line":492,"column":null}},"191":{"start":{"line":490,"column":2},"end":{"line":490,"column":null}},"192":{"start":{"line":491,"column":2},"end":{"line":491,"column":null}},"193":{"start":{"line":494,"column":40},"end":{"line":499,"column":null}},"194":{"start":{"line":501,"column":1},"end":{"line":501,"column":null}},"195":{"start":{"line":503,"column":1},"end":{"line":503,"column":null}},"196":{"start":{"line":514,"column":1},"end":{"line":514,"column":null}},"197":{"start":{"line":514,"column":20},"end":{"line":514,"column":null}},"198":{"start":{"line":515,"column":1},"end":{"line":515,"column":null}},"199":{"start":{"line":515,"column":29},"end":{"line":515,"column":null}},"200":{"start":{"line":516,"column":1},"end":{"line":516,"column":null}},"201":{"start":{"line":516,"column":41},"end":{"line":516,"column":null}},"202":{"start":{"line":527,"column":1},"end":{"line":527,"column":null}},"203":{"start":{"line":529,"column":7},"end":{"line":529,"column":null}},"204":{"start":{"line":530,"column":15},"end":{"line":530,"column":null}},"205":{"start":{"line":532,"column":36},"end":{"line":537,"column":null}},"206":{"start":{"line":539,"column":1},"end":{"line":539,"column":null}},"207":{"start":{"line":541,"column":1},"end":{"line":541,"column":null}},"208":{"start":{"line":553,"column":1},"end":{"line":553,"column":null}},"209":{"start":{"line":554,"column":1},"end":{"line":554,"column":null}},"210":{"start":{"line":554,"column":28},"end":{"line":554,"column":null}},"211":{"start":{"line":556,"column":16},"end":{"line":556,"column":null}},"212":{"start":{"line":556,"column":41},"end":{"line":556,"column":58}},"213":{"start":{"line":557,"column":1},"end":{"line":557,"column":null}},"214":{"start":{"line":557,"column":14},"end":{"line":557,"column":null}},"215":{"start":{"line":559,"column":24},"end":{"line":559,"column":null}},"216":{"start":{"line":560,"column":19},"end":{"line":560,"column":null}},"217":{"start":{"line":562,"column":34},"end":{"line":568,"column":null}},"218":{"start":{"line":570,"column":1},"end":{"line":570,"column":null}},"219":{"start":{"line":571,"column":1},"end":{"line":571,"column":null}},"220":{"start":{"line":572,"column":1},"end":{"line":572,"column":null}},"221":{"start":{"line":574,"column":1},"end":{"line":574,"column":null}},"222":{"start":{"line":581,"column":1},"end":{"line":581,"column":null}},"223":{"start":{"line":582,"column":1},"end":{"line":582,"column":null}},"224":{"start":{"line":582,"column":28},"end":{"line":582,"column":null}},"225":{"start":{"line":584,"column":15},"end":{"line":584,"column":null}},"226":{"start":{"line":584,"column":45},"end":{"line":584,"column":62}},"227":{"start":{"line":585,"column":1},"end":{"line":585,"column":null}},"228":{"start":{"line":585,"column":19},"end":{"line":585,"column":null}},"229":{"start":{"line":587,"column":16},"end":{"line":587,"column":null}},"230":{"start":{"line":588,"column":30},"end":{"line":588,"column":null}},"231":{"start":{"line":588,"column":67},"end":{"line":588,"column":90}},"232":{"start":{"line":589,"column":26},"end":{"line":589,"column":null}},"233":{"start":{"line":591,"column":36},"end":{"line":599,"column":null}},"234":{"start":{"line":601,"column":1},"end":{"line":601,"column":null}},"235":{"start":{"line":601,"column":43},"end":{"line":601,"column":60}},"236":{"start":{"line":602,"column":1},"end":{"line":602,"column":null}},"237":{"start":{"line":602,"column":62},"end":{"line":602,"column":85}},"238":{"start":{"line":603,"column":1},"end":{"line":605,"column":null}},"239":{"start":{"line":604,"column":2},"end":{"line":604,"column":null}},"240":{"start":{"line":607,"column":1},"end":{"line":607,"column":null}},"241":{"start":{"line":625,"column":1},"end":{"line":625,"column":null}},"242":{"start":{"line":628,"column":27},"end":{"line":630,"column":null}},"243":{"start":{"line":629,"column":9},"end":{"line":629,"column":null}},"244":{"start":{"line":632,"column":1},"end":{"line":649,"column":null}},"245":{"start":{"line":634,"column":2},"end":{"line":647,"column":null}},"246":{"start":{"line":635,"column":28},"end":{"line":635,"column":null}},"247":{"start":{"line":636,"column":42},"end":{"line":644,"column":null}},"248":{"start":{"line":645,"column":3},"end":{"line":645,"column":null}},"249":{"start":{"line":646,"column":3},"end":{"line":646,"column":null}},"250":{"start":{"line":648,"column":2},"end":{"line":648,"column":null}},"251":{"start":{"line":652,"column":27},"end":{"line":652,"column":null}},"252":{"start":{"line":652,"column":64},"end":{"line":652,"column":87}},"253":{"start":{"line":653,"column":1},"end":{"line":653,"column":null}},"254":{"start":{"line":653,"column":62},"end":{"line":653,"column":85}},"255":{"start":{"line":655,"column":7},"end":{"line":655,"column":null}},"256":{"start":{"line":656,"column":26},"end":{"line":656,"column":null}},"257":{"start":{"line":658,"column":40},"end":{"line":666,"column":null}},"258":{"start":{"line":668,"column":1},"end":{"line":668,"column":null}},"259":{"start":{"line":669,"column":1},"end":{"line":669,"column":null}},"260":{"start":{"line":671,"column":1},"end":{"line":671,"column":null}},"261":{"start":{"line":678,"column":26},"end":{"line":678,"column":null}},"262":{"start":{"line":679,"column":1},"end":{"line":679,"column":null}},"263":{"start":{"line":679,"column":24},"end":{"line":679,"column":null}},"264":{"start":{"line":681,"column":42},"end":{"line":685,"column":null}},"265":{"start":{"line":687,"column":1},"end":{"line":687,"column":null}},"266":{"start":{"line":689,"column":1},"end":{"line":689,"column":null}}},"fnMap":{"0":{"name":"addPeriod","decl":{"start":{"line":57,"column":16},"end":{"line":57,"column":26}},"loc":{"start":{"line":57,"column":71},"end":{"line":71,"column":null}},"line":57},"1":{"name":"addEvent","decl":{"start":{"line":76,"column":16},"end":{"line":76,"column":25}},"loc":{"start":{"line":76,"column":80},"end":{"line":95,"column":null}},"line":76},"2":{"name":"(anonymous_2)","decl":{"start":{"line":77,"column":34},"end":{"line":77,"column":35}},"loc":{"start":{"line":77,"column":41},"end":{"line":77,"column":58}},"line":77},"3":{"name":"addScene","decl":{"start":{"line":100,"column":16},"end":{"line":100,"column":null}},"loc":{"start":{"line":104,"column":27},"end":{"line":127,"column":null}},"line":104},"4":{"name":"(anonymous_4)","decl":{"start":{"line":105,"column":34},"end":{"line":105,"column":35}},"loc":{"start":{"line":105,"column":41},"end":{"line":105,"column":58}},"line":105},"5":{"name":"(anonymous_5)","decl":{"start":{"line":108,"column":34},"end":{"line":108,"column":35}},"loc":{"start":{"line":108,"column":41},"end":{"line":108,"column":57}},"line":108},"6":{"name":"deletePeriod","decl":{"start":{"line":132,"column":16},"end":{"line":132,"column":29}},"loc":{"start":{"line":132,"column":84},"end":{"line":149,"column":null}},"line":132},"7":{"name":"(anonymous_7)","decl":{"start":{"line":133,"column":44},"end":{"line":133,"column":45}},"loc":{"start":{"line":133,"column":51},"end":{"line":133,"column":68}},"line":133},"8":{"name":"(anonymous_8)","decl":{"start":{"line":146,"column":36},"end":{"line":146,"column":37}},"loc":{"start":{"line":146,"column":43},"end":{"line":146,"column":60}},"line":146},"9":{"name":"deleteEvent","decl":{"start":{"line":154,"column":16},"end":{"line":154,"column":null}},"loc":{"start":{"line":158,"column":27},"end":{"line":179,"column":null}},"line":158},"10":{"name":"(anonymous_10)","decl":{"start":{"line":159,"column":34},"end":{"line":159,"column":35}},"loc":{"start":{"line":159,"column":41},"end":{"line":159,"column":58}},"line":159},"11":{"name":"(anonymous_11)","decl":{"start":{"line":162,"column":44},"end":{"line":162,"column":45}},"loc":{"start":{"line":162,"column":51},"end":{"line":162,"column":67}},"line":162},"12":{"name":"(anonymous_12)","decl":{"start":{"line":176,"column":38},"end":{"line":176,"column":39}},"loc":{"start":{"line":176,"column":45},"end":{"line":176,"column":61}},"line":176},"13":{"name":"deleteScene","decl":{"start":{"line":184,"column":16},"end":{"line":184,"column":null}},"loc":{"start":{"line":189,"column":27},"end":{"line":214,"column":null}},"line":189},"14":{"name":"(anonymous_14)","decl":{"start":{"line":190,"column":34},"end":{"line":190,"column":35}},"loc":{"start":{"line":190,"column":41},"end":{"line":190,"column":58}},"line":190},"15":{"name":"(anonymous_15)","decl":{"start":{"line":193,"column":34},"end":{"line":193,"column":35}},"loc":{"start":{"line":193,"column":41},"end":{"line":193,"column":57}},"line":193},"16":{"name":"(anonymous_16)","decl":{"start":{"line":196,"column":43},"end":{"line":196,"column":44}},"loc":{"start":{"line":196,"column":50},"end":{"line":196,"column":66}},"line":196},"17":{"name":"(anonymous_17)","decl":{"start":{"line":211,"column":36},"end":{"line":211,"column":37}},"loc":{"start":{"line":211,"column":43},"end":{"line":211,"column":59}},"line":211},"18":{"name":"editPeriod","decl":{"start":{"line":219,"column":16},"end":{"line":219,"column":null}},"loc":{"start":{"line":223,"column":27},"end":{"line":248,"column":null}},"line":223},"19":{"name":"(anonymous_19)","decl":{"start":{"line":224,"column":34},"end":{"line":224,"column":35}},"loc":{"start":{"line":224,"column":41},"end":{"line":224,"column":58}},"line":224},"20":{"name":"editEvent","decl":{"start":{"line":253,"column":16},"end":{"line":253,"column":null}},"loc":{"start":{"line":258,"column":27},"end":{"line":287,"column":null}},"line":258},"21":{"name":"(anonymous_21)","decl":{"start":{"line":259,"column":34},"end":{"line":259,"column":35}},"loc":{"start":{"line":259,"column":41},"end":{"line":259,"column":58}},"line":259},"22":{"name":"(anonymous_22)","decl":{"start":{"line":262,"column":34},"end":{"line":262,"column":35}},"loc":{"start":{"line":262,"column":41},"end":{"line":262,"column":57}},"line":262},"23":{"name":"editScene","decl":{"start":{"line":292,"column":16},"end":{"line":292,"column":null}},"loc":{"start":{"line":298,"column":27},"end":{"line":331,"column":null}},"line":298},"24":{"name":"(anonymous_24)","decl":{"start":{"line":299,"column":34},"end":{"line":299,"column":35}},"loc":{"start":{"line":299,"column":41},"end":{"line":299,"column":58}},"line":299},"25":{"name":"(anonymous_25)","decl":{"start":{"line":302,"column":34},"end":{"line":302,"column":35}},"loc":{"start":{"line":302,"column":41},"end":{"line":302,"column":57}},"line":302},"26":{"name":"(anonymous_26)","decl":{"start":{"line":305,"column":33},"end":{"line":305,"column":34}},"loc":{"start":{"line":305,"column":40},"end":{"line":305,"column":56}},"line":305},"27":{"name":"reorderPeriods","decl":{"start":{"line":336,"column":16},"end":{"line":336,"column":null}},"loc":{"start":{"line":340,"column":27},"end":{"line":359,"column":null}},"line":340},"28":{"name":"(anonymous_28)","decl":{"start":{"line":343,"column":40},"end":{"line":343,"column":41}},"loc":{"start":{"line":343,"column":47},"end":{"line":343,"column":51}},"line":343},"29":{"name":"(anonymous_29)","decl":{"start":{"line":347,"column":33},"end":{"line":347,"column":34}},"loc":{"start":{"line":347,"column":40},"end":{"line":347,"column":44}},"line":347},"30":{"name":"reorderEvents","decl":{"start":{"line":364,"column":16},"end":{"line":364,"column":null}},"loc":{"start":{"line":369,"column":27},"end":{"line":392,"column":null}},"line":369},"31":{"name":"(anonymous_31)","decl":{"start":{"line":372,"column":34},"end":{"line":372,"column":35}},"loc":{"start":{"line":372,"column":41},"end":{"line":372,"column":58}},"line":372},"32":{"name":"(anonymous_32)","decl":{"start":{"line":375,"column":41},"end":{"line":375,"column":42}},"loc":{"start":{"line":375,"column":48},"end":{"line":375,"column":52}},"line":375},"33":{"name":"(anonymous_33)","decl":{"start":{"line":379,"column":32},"end":{"line":379,"column":33}},"loc":{"start":{"line":379,"column":39},"end":{"line":379,"column":43}},"line":379},"34":{"name":"reorderScenes","decl":{"start":{"line":397,"column":16},"end":{"line":397,"column":null}},"loc":{"start":{"line":403,"column":27},"end":{"line":430,"column":null}},"line":403},"35":{"name":"(anonymous_35)","decl":{"start":{"line":406,"column":34},"end":{"line":406,"column":35}},"loc":{"start":{"line":406,"column":41},"end":{"line":406,"column":58}},"line":406},"36":{"name":"(anonymous_36)","decl":{"start":{"line":409,"column":34},"end":{"line":409,"column":35}},"loc":{"start":{"line":409,"column":41},"end":{"line":409,"column":57}},"line":409},"37":{"name":"(anonymous_37)","decl":{"start":{"line":412,"column":40},"end":{"line":412,"column":41}},"loc":{"start":{"line":412,"column":47},"end":{"line":412,"column":51}},"line":412},"38":{"name":"(anonymous_38)","decl":{"start":{"line":416,"column":32},"end":{"line":416,"column":33}},"loc":{"start":{"line":416,"column":39},"end":{"line":416,"column":43}},"line":416},"39":{"name":"editGameMetadata","decl":{"start":{"line":450,"column":16},"end":{"line":450,"column":null}},"loc":{"start":{"line":453,"column":20},"end":{"line":504,"column":null}},"line":453},"40":{"name":"ensureAnchorsInitialized","decl":{"start":{"line":513,"column":9},"end":{"line":513,"column":34}},"loc":{"start":{"line":513,"column":52},"end":{"line":517,"column":null}},"line":513},"41":{"name":"createAnchor","decl":{"start":{"line":522,"column":16},"end":{"line":522,"column":null}},"loc":{"start":{"line":526,"column":20},"end":{"line":542,"column":null}},"line":526},"42":{"name":"editAnchor","decl":{"start":{"line":547,"column":16},"end":{"line":547,"column":null}},"loc":{"start":{"line":552,"column":27},"end":{"line":575,"column":null}},"line":552},"43":{"name":"(anonymous_43)","decl":{"start":{"line":556,"column":34},"end":{"line":556,"column":35}},"loc":{"start":{"line":556,"column":41},"end":{"line":556,"column":58}},"line":556},"44":{"name":"deleteAnchor","decl":{"start":{"line":580,"column":16},"end":{"line":580,"column":29}},"loc":{"start":{"line":580,"column":84},"end":{"line":608,"column":null}},"line":580},"45":{"name":"(anonymous_45)","decl":{"start":{"line":584,"column":38},"end":{"line":584,"column":39}},"loc":{"start":{"line":584,"column":45},"end":{"line":584,"column":62}},"line":584},"46":{"name":"(anonymous_46)","decl":{"start":{"line":588,"column":60},"end":{"line":588,"column":61}},"loc":{"start":{"line":588,"column":67},"end":{"line":588,"column":90}},"line":588},"47":{"name":"(anonymous_47)","decl":{"start":{"line":601,"column":36},"end":{"line":601,"column":37}},"loc":{"start":{"line":601,"column":43},"end":{"line":601,"column":60}},"line":601},"48":{"name":"(anonymous_48)","decl":{"start":{"line":602,"column":55},"end":{"line":602,"column":56}},"loc":{"start":{"line":602,"column":62},"end":{"line":602,"column":85}},"line":602},"49":{"name":"setCurrentAnchor","decl":{"start":{"line":620,"column":16},"end":{"line":620,"column":null}},"loc":{"start":{"line":624,"column":33},"end":{"line":672,"column":null}},"line":624},"50":{"name":"(anonymous_50)","decl":{"start":{"line":629,"column":2},"end":{"line":629,"column":3}},"loc":{"start":{"line":629,"column":9},"end":{"line":629,"column":null}},"line":629},"51":{"name":"(anonymous_51)","decl":{"start":{"line":652,"column":57},"end":{"line":652,"column":58}},"loc":{"start":{"line":652,"column":64},"end":{"line":652,"column":87}},"line":652},"52":{"name":"(anonymous_52)","decl":{"start":{"line":653,"column":55},"end":{"line":653,"column":56}},"loc":{"start":{"line":653,"column":62},"end":{"line":653,"column":85}},"line":653},"53":{"name":"clearCurrentAnchor","decl":{"start":{"line":677,"column":16},"end":{"line":677,"column":35}},"loc":{"start":{"line":677,"column":72},"end":{"line":690,"column":null}},"line":677}},"branchMap":{"0":{"loc":{"start":{"line":78,"column":1},"end":{"line":78,"column":null}},"type":"if","locations":[{"start":{"line":78,"column":1},"end":{"line":78,"column":null}},{"start":{},"end":{}}],"line":78},"1":{"loc":{"start":{"line":106,"column":1},"end":{"line":106,"column":null}},"type":"if","locations":[{"start":{"line":106,"column":1},"end":{"line":106,"column":null}},{"start":{},"end":{}}],"line":106},"2":{"loc":{"start":{"line":109,"column":1},"end":{"line":109,"column":null}},"type":"if","locations":[{"start":{"line":109,"column":1},"end":{"line":109,"column":null}},{"start":{},"end":{}}],"line":109},"3":{"loc":{"start":{"line":134,"column":1},"end":{"line":134,"column":null}},"type":"if","locations":[{"start":{"line":134,"column":1},"end":{"line":134,"column":null}},{"start":{},"end":{}}],"line":134},"4":{"loc":{"start":{"line":160,"column":1},"end":{"line":160,"column":null}},"type":"if","locations":[{"start":{"line":160,"column":1},"end":{"line":160,"column":null}},{"start":{},"end":{}}],"line":160},"5":{"loc":{"start":{"line":163,"column":1},"end":{"line":163,"column":null}},"type":"if","locations":[{"start":{"line":163,"column":1},"end":{"line":163,"column":null}},{"start":{},"end":{}}],"line":163},"6":{"loc":{"start":{"line":191,"column":1},"end":{"line":191,"column":null}},"type":"if","locations":[{"start":{"line":191,"column":1},"end":{"line":191,"column":null}},{"start":{},"end":{}}],"line":191},"7":{"loc":{"start":{"line":194,"column":1},"end":{"line":194,"column":null}},"type":"if","locations":[{"start":{"line":194,"column":1},"end":{"line":194,"column":null}},{"start":{},"end":{}}],"line":194},"8":{"loc":{"start":{"line":197,"column":1},"end":{"line":197,"column":null}},"type":"if","locations":[{"start":{"line":197,"column":1},"end":{"line":197,"column":null}},{"start":{},"end":{}}],"line":197},"9":{"loc":{"start":{"line":225,"column":1},"end":{"line":225,"column":null}},"type":"if","locations":[{"start":{"line":225,"column":1},"end":{"line":225,"column":null}},{"start":{},"end":{}}],"line":225},"10":{"loc":{"start":{"line":231,"column":2},"end":{"line":234,"column":null}},"type":"if","locations":[{"start":{"line":231,"column":2},"end":{"line":234,"column":null}},{"start":{},"end":{}}],"line":231},"11":{"loc":{"start":{"line":231,"column":6},"end":{"line":231,"column":39}},"type":"binary-expr","locations":[{"start":{"line":231,"column":6},"end":{"line":231,"column":23}},{"start":{"line":231,"column":23},"end":{"line":231,"column":39}}],"line":231},"12":{"loc":{"start":{"line":260,"column":1},"end":{"line":260,"column":null}},"type":"if","locations":[{"start":{"line":260,"column":1},"end":{"line":260,"column":null}},{"start":{},"end":{}}],"line":260},"13":{"loc":{"start":{"line":263,"column":1},"end":{"line":263,"column":null}},"type":"if","locations":[{"start":{"line":263,"column":1},"end":{"line":263,"column":null}},{"start":{},"end":{}}],"line":263},"14":{"loc":{"start":{"line":269,"column":2},"end":{"line":272,"column":null}},"type":"if","locations":[{"start":{"line":269,"column":2},"end":{"line":272,"column":null}},{"start":{},"end":{}}],"line":269},"15":{"loc":{"start":{"line":269,"column":6},"end":{"line":269,"column":38}},"type":"binary-expr","locations":[{"start":{"line":269,"column":6},"end":{"line":269,"column":22}},{"start":{"line":269,"column":22},"end":{"line":269,"column":38}}],"line":269},"16":{"loc":{"start":{"line":300,"column":1},"end":{"line":300,"column":null}},"type":"if","locations":[{"start":{"line":300,"column":1},"end":{"line":300,"column":null}},{"start":{},"end":{}}],"line":300},"17":{"loc":{"start":{"line":303,"column":1},"end":{"line":303,"column":null}},"type":"if","locations":[{"start":{"line":303,"column":1},"end":{"line":303,"column":null}},{"start":{},"end":{}}],"line":303},"18":{"loc":{"start":{"line":306,"column":1},"end":{"line":306,"column":null}},"type":"if","locations":[{"start":{"line":306,"column":1},"end":{"line":306,"column":null}},{"start":{},"end":{}}],"line":306},"19":{"loc":{"start":{"line":312,"column":2},"end":{"line":315,"column":null}},"type":"if","locations":[{"start":{"line":312,"column":2},"end":{"line":315,"column":null}},{"start":{},"end":{}}],"line":312},"20":{"loc":{"start":{"line":312,"column":6},"end":{"line":312,"column":38}},"type":"binary-expr","locations":[{"start":{"line":312,"column":6},"end":{"line":312,"column":22}},{"start":{"line":312,"column":22},"end":{"line":312,"column":38}}],"line":312},"21":{"loc":{"start":{"line":341,"column":1},"end":{"line":341,"column":null}},"type":"if","locations":[{"start":{"line":341,"column":1},"end":{"line":341,"column":null}},{"start":{},"end":{}}],"line":341},"22":{"loc":{"start":{"line":370,"column":1},"end":{"line":370,"column":null}},"type":"if","locations":[{"start":{"line":370,"column":1},"end":{"line":370,"column":null}},{"start":{},"end":{}}],"line":370},"23":{"loc":{"start":{"line":373,"column":1},"end":{"line":373,"column":null}},"type":"if","locations":[{"start":{"line":373,"column":1},"end":{"line":373,"column":null}},{"start":{},"end":{}}],"line":373},"24":{"loc":{"start":{"line":404,"column":1},"end":{"line":404,"column":null}},"type":"if","locations":[{"start":{"line":404,"column":1},"end":{"line":404,"column":null}},{"start":{},"end":{}}],"line":404},"25":{"loc":{"start":{"line":407,"column":1},"end":{"line":407,"column":null}},"type":"if","locations":[{"start":{"line":407,"column":1},"end":{"line":407,"column":null}},{"start":{},"end":{}}],"line":407},"26":{"loc":{"start":{"line":410,"column":1},"end":{"line":410,"column":null}},"type":"if","locations":[{"start":{"line":410,"column":1},"end":{"line":410,"column":null}},{"start":{},"end":{}}],"line":410},"27":{"loc":{"start":{"line":457,"column":1},"end":{"line":460,"column":null}},"type":"if","locations":[{"start":{"line":457,"column":1},"end":{"line":460,"column":null}},{"start":{},"end":{}}],"line":457},"28":{"loc":{"start":{"line":461,"column":1},"end":{"line":464,"column":null}},"type":"if","locations":[{"start":{"line":461,"column":1},"end":{"line":464,"column":null}},{"start":{},"end":{}}],"line":461},"29":{"loc":{"start":{"line":462,"column":25},"end":{"line":462,"column":null}},"type":"cond-expr","locations":[{"start":{"line":462,"column":30},"end":{"line":462,"column":62}},{"start":{"line":462,"column":62},"end":{"line":462,"column":null}}],"line":462},"30":{"loc":{"start":{"line":465,"column":1},"end":{"line":468,"column":null}},"type":"if","locations":[{"start":{"line":465,"column":1},"end":{"line":468,"column":null}},{"start":{},"end":{}}],"line":465},"31":{"loc":{"start":{"line":466,"column":30},"end":{"line":466,"column":null}},"type":"cond-expr","locations":[{"start":{"line":466,"column":35},"end":{"line":466,"column":77}},{"start":{"line":466,"column":77},"end":{"line":466,"column":null}}],"line":466},"32":{"loc":{"start":{"line":469,"column":1},"end":{"line":472,"column":null}},"type":"if","locations":[{"start":{"line":469,"column":1},"end":{"line":472,"column":null}},{"start":{},"end":{}}],"line":469},"33":{"loc":{"start":{"line":470,"column":27},"end":{"line":470,"column":null}},"type":"cond-expr","locations":[{"start":{"line":470,"column":32},"end":{"line":470,"column":68}},{"start":{"line":470,"column":68},"end":{"line":470,"column":null}}],"line":470},"34":{"loc":{"start":{"line":473,"column":1},"end":{"line":476,"column":null}},"type":"if","locations":[{"start":{"line":473,"column":1},"end":{"line":476,"column":null}},{"start":{},"end":{}}],"line":473},"35":{"loc":{"start":{"line":477,"column":1},"end":{"line":480,"column":null}},"type":"if","locations":[{"start":{"line":477,"column":1},"end":{"line":480,"column":null}},{"start":{},"end":{}}],"line":477},"36":{"loc":{"start":{"line":481,"column":1},"end":{"line":484,"column":null}},"type":"if","locations":[{"start":{"line":481,"column":1},"end":{"line":484,"column":null}},{"start":{},"end":{}}],"line":481},"37":{"loc":{"start":{"line":485,"column":1},"end":{"line":488,"column":null}},"type":"if","locations":[{"start":{"line":485,"column":1},"end":{"line":488,"column":null}},{"start":{},"end":{}}],"line":485},"38":{"loc":{"start":{"line":489,"column":1},"end":{"line":492,"column":null}},"type":"if","locations":[{"start":{"line":489,"column":1},"end":{"line":492,"column":null}},{"start":{},"end":{}}],"line":489},"39":{"loc":{"start":{"line":514,"column":1},"end":{"line":514,"column":null}},"type":"if","locations":[{"start":{"line":514,"column":1},"end":{"line":514,"column":null}},{"start":{},"end":{}}],"line":514},"40":{"loc":{"start":{"line":515,"column":1},"end":{"line":515,"column":null}},"type":"if","locations":[{"start":{"line":515,"column":1},"end":{"line":515,"column":null}},{"start":{},"end":{}}],"line":515},"41":{"loc":{"start":{"line":516,"column":1},"end":{"line":516,"column":null}},"type":"if","locations":[{"start":{"line":516,"column":1},"end":{"line":516,"column":null}},{"start":{},"end":{}}],"line":516},"42":{"loc":{"start":{"line":554,"column":1},"end":{"line":554,"column":null}},"type":"if","locations":[{"start":{"line":554,"column":1},"end":{"line":554,"column":null}},{"start":{},"end":{}}],"line":554},"43":{"loc":{"start":{"line":557,"column":1},"end":{"line":557,"column":null}},"type":"if","locations":[{"start":{"line":557,"column":1},"end":{"line":557,"column":null}},{"start":{},"end":{}}],"line":557},"44":{"loc":{"start":{"line":582,"column":1},"end":{"line":582,"column":null}},"type":"if","locations":[{"start":{"line":582,"column":1},"end":{"line":582,"column":null}},{"start":{},"end":{}}],"line":582},"45":{"loc":{"start":{"line":585,"column":1},"end":{"line":585,"column":null}},"type":"if","locations":[{"start":{"line":585,"column":1},"end":{"line":585,"column":null}},{"start":{},"end":{}}],"line":585},"46":{"loc":{"start":{"line":603,"column":1},"end":{"line":605,"column":null}},"type":"if","locations":[{"start":{"line":603,"column":1},"end":{"line":605,"column":null}},{"start":{},"end":{}}],"line":603},"47":{"loc":{"start":{"line":629,"column":9},"end":{"line":629,"column":null}},"type":"binary-expr","locations":[{"start":{"line":629,"column":9},"end":{"line":629,"column":36}},{"start":{"line":629,"column":36},"end":{"line":629,"column":null}}],"line":629},"48":{"loc":{"start":{"line":632,"column":1},"end":{"line":649,"column":null}},"type":"if","locations":[{"start":{"line":632,"column":1},"end":{"line":649,"column":null}},{"start":{},"end":{}}],"line":632},"49":{"loc":{"start":{"line":634,"column":2},"end":{"line":647,"column":null}},"type":"if","locations":[{"start":{"line":634,"column":2},"end":{"line":647,"column":null}},{"start":{},"end":{}}],"line":634},"50":{"loc":{"start":{"line":679,"column":1},"end":{"line":679,"column":null}},"type":"if","locations":[{"start":{"line":679,"column":1},"end":{"line":679,"column":null}},{"start":{},"end":{}}],"line":679}},"s":{"0":4,"1":4,"2":4,"3":4,"4":3,"5":5,"6":3,"7":1,"8":2,"9":2,"10":2,"11":2,"12":2,"13":3,"14":5,"15":3,"16":1,"17":2,"18":3,"19":2,"20":2,"21":1,"22":1,"23":1,"24":1,"25":1,"26":3,"27":5,"28":3,"29":1,"30":2,"31":2,"32":2,"33":6,"34":2,"35":3,"36":5,"37":3,"38":1,"39":2,"40":3,"41":2,"42":2,"43":1,"44":1,"45":1,"46":2,"47":1,"48":2,"49":4,"50":2,"51":1,"52":1,"53":1,"54":1,"55":0,"56":1,"57":1,"58":1,"59":0,"60":1,"61":1,"62":1,"63":2,"64":1,"65":4,"66":6,"67":4,"68":1,"69":3,"70":3,"71":3,"72":3,"73":3,"74":3,"75":3,"76":3,"77":3,"78":2,"79":4,"80":2,"81":1,"82":1,"83":1,"84":1,"85":0,"86":1,"87":1,"88":1,"89":1,"90":1,"91":1,"92":1,"93":1,"94":1,"95":1,"96":1,"97":1,"98":0,"99":1,"100":1,"101":1,"102":0,"103":1,"104":1,"105":1,"106":0,"107":1,"108":1,"109":1,"110":1,"111":1,"112":1,"113":1,"114":1,"115":1,"116":3,"117":1,"118":2,"119":6,"120":2,"121":2,"122":2,"123":2,"124":6,"125":2,"126":2,"127":2,"128":2,"129":0,"130":2,"131":4,"132":2,"133":1,"134":1,"135":2,"136":1,"137":1,"138":1,"139":1,"140":2,"141":1,"142":1,"143":1,"144":1,"145":0,"146":1,"147":1,"148":1,"149":0,"150":1,"151":1,"152":1,"153":0,"154":1,"155":2,"156":1,"157":1,"158":1,"159":1,"160":2,"161":1,"162":1,"163":1,"164":3,"165":3,"166":3,"167":3,"168":3,"169":3,"170":0,"171":0,"172":3,"173":0,"174":0,"175":3,"176":0,"177":0,"178":3,"179":0,"180":0,"181":3,"182":0,"183":0,"184":3,"185":1,"186":1,"187":3,"188":0,"189":0,"190":3,"191":0,"192":0,"193":3,"194":3,"195":3,"196":15,"197":1,"198":15,"199":0,"200":15,"201":0,"202":8,"203":8,"204":8,"205":8,"206":8,"207":8,"208":2,"209":2,"210":1,"211":1,"212":1,"213":1,"214":0,"215":1,"216":1,"217":1,"218":1,"219":1,"220":1,"221":1,"222":2,"223":2,"224":0,"225":2,"226":2,"227":2,"228":0,"229":2,"230":2,"231":0,"232":2,"233":2,"234":2,"235":2,"236":2,"237":0,"238":2,"239":1,"240":2,"241":3,"242":3,"243":1,"244":3,"245":1,"246":0,"247":0,"248":0,"249":0,"250":1,"251":2,"252":0,"253":2,"254":0,"255":2,"256":2,"257":2,"258":2,"259":2,"260":2,"261":2,"262":2,"263":1,"264":1,"265":1,"266":1},"f":{"0":4,"1":3,"2":5,"3":3,"4":5,"5":3,"6":3,"7":5,"8":6,"9":3,"10":5,"11":3,"12":2,"13":2,"14":4,"15":1,"16":1,"17":2,"18":4,"19":6,"20":2,"21":4,"22":1,"23":1,"24":1,"25":1,"26":1,"27":3,"28":6,"29":6,"30":2,"31":4,"32":2,"33":2,"34":1,"35":1,"36":1,"37":2,"38":2,"39":3,"40":15,"41":8,"42":2,"43":1,"44":2,"45":2,"46":0,"47":2,"48":0,"49":3,"50":1,"51":0,"52":0,"53":2},"b":{"0":[1,2],"1":[1,2],"2":[1,1],"3":[1,2],"4":[1,2],"5":[1,1],"6":[1,1],"7":[0,1],"8":[0,1],"9":[1,3],"10":[3,0],"11":[3,3],"12":[1,1],"13":[0,1],"14":[1,0],"15":[1,1],"16":[0,1],"17":[0,1],"18":[0,1],"19":[1,0],"20":[1,1],"21":[1,2],"22":[0,2],"23":[1,1],"24":[0,1],"25":[0,1],"26":[0,1],"27":[3,0],"28":[0,3],"29":[0,0],"30":[0,3],"31":[0,0],"32":[0,3],"33":[0,0],"34":[0,3],"35":[0,3],"36":[1,2],"37":[0,3],"38":[0,3],"39":[1,14],"40":[0,15],"41":[0,15],"42":[1,1],"43":[0,1],"44":[0,2],"45":[0,2],"46":[1,1],"47":[1,1],"48":[1,2],"49":[0,1],"50":[1,1]},"meta":{"lastBranch":51,"lastFunction":54,"lastStatement":267,"seen":{"f:57:16:57:26":0,"s:58:7:58:Infinity":0,"s:60:36:66:Infinity":1,"s:68:1:68:Infinity":2,"s:70:1:70:Infinity":3,"f:76:16:76:25":1,"s:77:16:77:Infinity":4,"f:77:34:77:35":2,"s:77:41:77:58":5,"b:78:1:78:Infinity:undefined:undefined:undefined:undefined":0,"s:78:1:78:Infinity":6,"s:78:14:78:Infinity":7,"s:80:7:80:Infinity":8,"s:81:15:81:Infinity":9,"s:83:35:90:Infinity":10,"s:92:1:92:Infinity":11,"s:94:1:94:Infinity":12,"f:100:16:100:Infinity":3,"s:105:16:105:Infinity":13,"f:105:34:105:35":4,"s:105:41:105:58":14,"b:106:1:106:Infinity:undefined:undefined:undefined:undefined":1,"s:106:1:106:Infinity":15,"s:106:14:106:Infinity":16,"s:108:15:108:Infinity":17,"f:108:34:108:35":5,"s:108:41:108:57":18,"b:109:1:109:Infinity:undefined:undefined:undefined:undefined":2,"s:109:1:109:Infinity":19,"s:109:13:109:Infinity":20,"s:111:7:111:Infinity":21,"s:112:15:112:Infinity":22,"s:114:35:122:Infinity":23,"s:124:1:124:Infinity":24,"s:126:1:126:Infinity":25,"f:132:16:132:29":6,"s:133:21:133:Infinity":26,"f:133:44:133:45":7,"s:133:51:133:68":27,"b:134:1:134:Infinity:undefined:undefined:undefined:undefined":3,"s:134:1:134:Infinity":28,"s:134:22:134:Infinity":29,"s:136:16:136:Infinity":30,"s:138:36:144:Infinity":31,"s:146:1:146:Infinity":32,"f:146:36:146:37":8,"s:146:43:146:60":33,"s:148:1:148:Infinity":34,"f:154:16:154:Infinity":9,"s:159:16:159:Infinity":35,"f:159:34:159:35":10,"s:159:41:159:58":36,"b:160:1:160:Infinity:undefined:undefined:undefined:undefined":4,"s:160:1:160:Infinity":37,"s:160:14:160:Infinity":38,"s:162:20:162:Infinity":39,"f:162:44:162:45":11,"s:162:51:162:67":40,"b:163:1:163:Infinity:undefined:undefined:undefined:undefined":5,"s:163:1:163:Infinity":41,"s:163:21:163:Infinity":42,"s:165:15:165:Infinity":43,"s:167:35:174:Infinity":44,"s:176:1:176:Infinity":45,"f:176:38:176:39":12,"s:176:45:176:61":46,"s:178:1:178:Infinity":47,"f:184:16:184:Infinity":13,"s:190:16:190:Infinity":48,"f:190:34:190:35":14,"s:190:41:190:58":49,"b:191:1:191:Infinity:undefined:undefined:undefined:undefined":6,"s:191:1:191:Infinity":50,"s:191:14:191:Infinity":51,"s:193:15:193:Infinity":52,"f:193:34:193:35":15,"s:193:41:193:57":53,"b:194:1:194:Infinity:undefined:undefined:undefined:undefined":7,"s:194:1:194:Infinity":54,"s:194:13:194:Infinity":55,"s:196:20:196:Infinity":56,"f:196:43:196:44":16,"s:196:50:196:66":57,"b:197:1:197:Infinity:undefined:undefined:undefined:undefined":8,"s:197:1:197:Infinity":58,"s:197:21:197:Infinity":59,"s:199:15:199:Infinity":60,"s:201:35:209:Infinity":61,"s:211:1:211:Infinity":62,"f:211:36:211:37":17,"s:211:43:211:59":63,"s:213:1:213:Infinity":64,"f:219:16:219:Infinity":18,"s:224:16:224:Infinity":65,"f:224:34:224:35":19,"s:224:41:224:58":66,"b:225:1:225:Infinity:undefined:undefined:undefined:undefined":9,"s:225:1:225:Infinity":67,"s:225:14:225:Infinity":68,"s:227:41:227:Infinity":69,"s:228:36:228:Infinity":70,"s:230:1:235:Infinity":71,"b:231:2:234:Infinity:undefined:undefined:undefined:undefined":10,"s:231:2:234:Infinity":72,"b:231:6:231:23:231:23:231:39":11,"s:232:4:232:Infinity":73,"s:233:4:233:Infinity":74,"s:237:34:243:Infinity":75,"s:245:1:245:Infinity":76,"s:247:1:247:Infinity":77,"f:253:16:253:Infinity":20,"s:259:16:259:Infinity":78,"f:259:34:259:35":21,"s:259:41:259:58":79,"b:260:1:260:Infinity:undefined:undefined:undefined:undefined":12,"s:260:1:260:Infinity":80,"s:260:14:260:Infinity":81,"s:262:15:262:Infinity":82,"f:262:34:262:35":22,"s:262:41:262:57":83,"b:263:1:263:Infinity:undefined:undefined:undefined:undefined":13,"s:263:1:263:Infinity":84,"s:263:13:263:Infinity":85,"s:265:44:265:Infinity":86,"s:266:39:266:Infinity":87,"s:268:1:273:Infinity":88,"b:269:2:272:Infinity:undefined:undefined:undefined:undefined":14,"s:269:2:272:Infinity":89,"b:269:6:269:22:269:22:269:38":15,"s:270:4:270:Infinity":90,"s:271:4:271:Infinity":91,"s:275:33:282:Infinity":92,"s:284:1:284:Infinity":93,"s:286:1:286:Infinity":94,"f:292:16:292:Infinity":23,"s:299:16:299:Infinity":95,"f:299:34:299:35":24,"s:299:41:299:58":96,"b:300:1:300:Infinity:undefined:undefined:undefined:undefined":16,"s:300:1:300:Infinity":97,"s:300:14:300:Infinity":98,"s:302:15:302:Infinity":99,"f:302:34:302:35":25,"s:302:41:302:57":100,"b:303:1:303:Infinity:undefined:undefined:undefined:undefined":17,"s:303:1:303:Infinity":101,"s:303:13:303:Infinity":102,"s:305:15:305:Infinity":103,"f:305:33:305:34":26,"s:305:40:305:56":104,"b:306:1:306:Infinity:undefined:undefined:undefined:undefined":18,"s:306:1:306:Infinity":105,"s:306:13:306:Infinity":106,"s:308:40:308:Infinity":107,"s:309:35:309:Infinity":108,"s:311:1:316:Infinity":109,"b:312:2:315:Infinity:undefined:undefined:undefined:undefined":19,"s:312:2:315:Infinity":110,"b:312:6:312:22:312:22:312:38":20,"s:313:4:313:Infinity":111,"s:314:4:314:Infinity":112,"s:318:33:326:Infinity":113,"s:328:1:328:Infinity":114,"s:330:1:330:Infinity":115,"f:336:16:336:Infinity":27,"b:341:1:341:Infinity:undefined:undefined:undefined:undefined":21,"s:341:1:341:Infinity":116,"s:341:28:341:Infinity":117,"s:343:23:343:Infinity":118,"f:343:40:343:41":28,"s:343:47:343:51":119,"s:344:20:344:Infinity":120,"s:345:23:345:Infinity":121,"s:346:1:346:Infinity":122,"s:347:18:347:Infinity":123,"f:347:33:347:34":29,"s:347:40:347:44":124,"s:349:38:354:Infinity":125,"s:356:1:356:Infinity":126,"s:358:1:358:Infinity":127,"f:364:16:364:Infinity":30,"b:370:1:370:Infinity:undefined:undefined:undefined:undefined":22,"s:370:1:370:Infinity":128,"s:370:28:370:Infinity":129,"s:372:16:372:Infinity":130,"f:372:34:372:35":31,"s:372:41:372:58":131,"b:373:1:373:Infinity:undefined:undefined:undefined:undefined":23,"s:373:1:373:Infinity":132,"s:373:14:373:Infinity":133,"s:375:23:375:Infinity":134,"f:375:41:375:42":32,"s:375:48:375:52":135,"s:376:19:376:Infinity":136,"s:377:22:377:Infinity":137,"s:378:1:378:Infinity":138,"s:379:18:379:Infinity":139,"f:379:32:379:33":33,"s:379:39:379:43":140,"s:381:37:387:Infinity":141,"s:389:1:389:Infinity":142,"s:391:1:391:Infinity":143,"f:397:16:397:Infinity":34,"b:404:1:404:Infinity:undefined:undefined:undefined:undefined":24,"s:404:1:404:Infinity":144,"s:404:28:404:Infinity":145,"s:406:16:406:Infinity":146,"f:406:34:406:35":35,"s:406:41:406:58":147,"b:407:1:407:Infinity:undefined:undefined:undefined:undefined":25,"s:407:1:407:Infinity":148,"s:407:14:407:Infinity":149,"s:409:15:409:Infinity":150,"f:409:34:409:35":36,"s:409:41:409:57":151,"b:410:1:410:Infinity:undefined:undefined:undefined:undefined":26,"s:410:1:410:Infinity":152,"s:410:13:410:Infinity":153,"s:412:23:412:Infinity":154,"f:412:40:412:41":37,"s:412:47:412:51":155,"s:413:19:413:Infinity":156,"s:414:22:414:Infinity":157,"s:415:1:415:Infinity":158,"s:416:18:416:Infinity":159,"f:416:32:416:33":38,"s:416:39:416:43":160,"s:418:37:425:Infinity":161,"s:427:1:427:Infinity":162,"s:429:1:429:Infinity":163,"f:450:16:450:Infinity":39,"s:454:66:454:Infinity":164,"s:455:56:455:Infinity":165,"b:457:1:460:Infinity:undefined:undefined:undefined:undefined":27,"s:457:1:460:Infinity":166,"s:458:2:458:Infinity":167,"s:459:2:459:Infinity":168,"b:461:1:464:Infinity:undefined:undefined:undefined:undefined":28,"s:461:1:464:Infinity":169,"s:462:2:462:Infinity":170,"b:462:30:462:62:462:62:462:Infinity":29,"s:463:2:463:Infinity":171,"b:465:1:468:Infinity:undefined:undefined:undefined:undefined":30,"s:465:1:468:Infinity":172,"s:466:2:466:Infinity":173,"b:466:35:466:77:466:77:466:Infinity":31,"s:467:2:467:Infinity":174,"b:469:1:472:Infinity:undefined:undefined:undefined:undefined":32,"s:469:1:472:Infinity":175,"s:470:2:470:Infinity":176,"b:470:32:470:68:470:68:470:Infinity":33,"s:471:2:471:Infinity":177,"b:473:1:476:Infinity:undefined:undefined:undefined:undefined":34,"s:473:1:476:Infinity":178,"s:474:2:474:Infinity":179,"s:475:2:475:Infinity":180,"b:477:1:480:Infinity:undefined:undefined:undefined:undefined":35,"s:477:1:480:Infinity":181,"s:478:2:478:Infinity":182,"s:479:2:479:Infinity":183,"b:481:1:484:Infinity:undefined:undefined:undefined:undefined":36,"s:481:1:484:Infinity":184,"s:482:2:482:Infinity":185,"s:483:2:483:Infinity":186,"b:485:1:488:Infinity:undefined:undefined:undefined:undefined":37,"s:485:1:488:Infinity":187,"s:486:2:486:Infinity":188,"s:487:2:487:Infinity":189,"b:489:1:492:Infinity:undefined:undefined:undefined:undefined":38,"s:489:1:492:Infinity":190,"s:490:2:490:Infinity":191,"s:491:2:491:Infinity":192,"s:494:40:499:Infinity":193,"s:501:1:501:Infinity":194,"s:503:1:503:Infinity":195,"f:513:9:513:34":40,"b:514:1:514:Infinity:undefined:undefined:undefined:undefined":39,"s:514:1:514:Infinity":196,"s:514:20:514:Infinity":197,"b:515:1:515:Infinity:undefined:undefined:undefined:undefined":40,"s:515:1:515:Infinity":198,"s:515:29:515:Infinity":199,"b:516:1:516:Infinity:undefined:undefined:undefined:undefined":41,"s:516:1:516:Infinity":200,"s:516:41:516:Infinity":201,"f:522:16:522:Infinity":41,"s:527:1:527:Infinity":202,"s:529:7:529:Infinity":203,"s:530:15:530:Infinity":204,"s:532:36:537:Infinity":205,"s:539:1:539:Infinity":206,"s:541:1:541:Infinity":207,"f:547:16:547:Infinity":42,"s:553:1:553:Infinity":208,"b:554:1:554:Infinity:undefined:undefined:undefined:undefined":42,"s:554:1:554:Infinity":209,"s:554:28:554:Infinity":210,"s:556:16:556:Infinity":211,"f:556:34:556:35":43,"s:556:41:556:58":212,"b:557:1:557:Infinity:undefined:undefined:undefined:undefined":43,"s:557:1:557:Infinity":213,"s:557:14:557:Infinity":214,"s:559:24:559:Infinity":215,"s:560:19:560:Infinity":216,"s:562:34:568:Infinity":217,"s:570:1:570:Infinity":218,"s:571:1:571:Infinity":219,"s:572:1:572:Infinity":220,"s:574:1:574:Infinity":221,"f:580:16:580:29":44,"s:581:1:581:Infinity":222,"b:582:1:582:Infinity:undefined:undefined:undefined:undefined":44,"s:582:1:582:Infinity":223,"s:582:28:582:Infinity":224,"s:584:15:584:Infinity":225,"f:584:38:584:39":45,"s:584:45:584:62":226,"b:585:1:585:Infinity:undefined:undefined:undefined:undefined":45,"s:585:1:585:Infinity":227,"s:585:19:585:Infinity":228,"s:587:16:587:Infinity":229,"s:588:30:588:Infinity":230,"f:588:60:588:61":46,"s:588:67:588:90":231,"s:589:26:589:Infinity":232,"s:591:36:599:Infinity":233,"s:601:1:601:Infinity":234,"f:601:36:601:37":47,"s:601:43:601:60":235,"s:602:1:602:Infinity":236,"f:602:55:602:56":48,"s:602:62:602:85":237,"b:603:1:605:Infinity:undefined:undefined:undefined:undefined":46,"s:603:1:605:Infinity":238,"s:604:2:604:Infinity":239,"s:607:1:607:Infinity":240,"f:620:16:620:Infinity":49,"s:625:1:625:Infinity":241,"s:628:27:630:Infinity":242,"f:629:2:629:3":50,"s:629:9:629:Infinity":243,"b:629:9:629:36:629:36:629:Infinity":47,"b:632:1:649:Infinity:undefined:undefined:undefined:undefined":48,"s:632:1:649:Infinity":244,"b:634:2:647:Infinity:undefined:undefined:undefined:undefined":49,"s:634:2:647:Infinity":245,"s:635:28:635:Infinity":246,"s:636:42:644:Infinity":247,"s:645:3:645:Infinity":248,"s:646:3:646:Infinity":249,"s:648:2:648:Infinity":250,"s:652:27:652:Infinity":251,"f:652:57:652:58":51,"s:652:64:652:87":252,"s:653:1:653:Infinity":253,"f:653:55:653:56":52,"s:653:62:653:85":254,"s:655:7:655:Infinity":255,"s:656:26:656:Infinity":256,"s:658:40:666:Infinity":257,"s:668:1:668:Infinity":258,"s:669:1:669:Infinity":259,"s:671:1:671:Infinity":260,"f:677:16:677:35":53,"s:678:26:678:Infinity":261,"b:679:1:679:Infinity:undefined:undefined:undefined:undefined":50,"s:679:1:679:Infinity":262,"s:679:24:679:Infinity":263,"s:681:42:685:Infinity":264,"s:687:1:687:Infinity":265,"s:689:1:689:Infinity":266}}}
,"/home/runner/work/microscope-canvas/microscope-canvas/src/lib/services/import-export.ts": {"path":"/home/runner/work/microscope-canvas/microscope-canvas/src/lib/services/import-export.ts","statementMap":{"0":{"start":{"line":23,"column":1},"end":{"line":27,"column":null}},"1":{"start":{"line":37,"column":36},"end":{"line":41,"column":null}},"2":{"start":{"line":44,"column":1},"end":{"line":46,"column":null}},"3":{"start":{"line":45,"column":2},"end":{"line":45,"column":null}},"4":{"start":{"line":48,"column":1},"end":{"line":48,"column":null}},"5":{"start":{"line":55,"column":14},"end":{"line":55,"column":null}},"6":{"start":{"line":56,"column":13},"end":{"line":56,"column":null}},"7":{"start":{"line":58,"column":14},"end":{"line":58,"column":null}},"8":{"start":{"line":59,"column":1},"end":{"line":59,"column":null}},"9":{"start":{"line":60,"column":1},"end":{"line":60,"column":null}},"10":{"start":{"line":61,"column":1},"end":{"line":61,"column":null}},"11":{"start":{"line":63,"column":1},"end":{"line":63,"column":null}},"12":{"start":{"line":64,"column":1},"end":{"line":64,"column":null}},"13":{"start":{"line":67,"column":1},"end":{"line":67,"column":null}},"14":{"start":{"line":68,"column":1},"end":{"line":68,"column":null}},"15":{"start":{"line":77,"column":14},"end":{"line":77,"column":null}},"16":{"start":{"line":78,"column":18},"end":{"line":78,"column":null}},"17":{"start":{"line":79,"column":1},"end":{"line":79,"column":null}},"18":{"start":{"line":86,"column":1},"end":{"line":86,"column":null}},"19":{"start":{"line":93,"column":1},"end":{"line":93,"column":null}},"20":{"start":{"line":93,"column":12},"end":{"line":93,"column":null}},"21":{"start":{"line":94,"column":1},"end":{"line":94,"column":null}},"22":{"start":{"line":102,"column":25},"end":{"line":102,"column":null}},"23":{"start":{"line":104,"column":1},"end":{"line":104,"column":null}},"24":{"start":{"line":106,"column":1},"end":{"line":108,"column":null}},"25":{"start":{"line":107,"column":2},"end":{"line":107,"column":null}},"26":{"start":{"line":109,"column":1},"end":{"line":111,"column":null}},"27":{"start":{"line":110,"column":2},"end":{"line":110,"column":null}},"28":{"start":{"line":112,"column":1},"end":{"line":114,"column":null}},"29":{"start":{"line":113,"column":2},"end":{"line":113,"column":null}},"30":{"start":{"line":115,"column":1},"end":{"line":117,"column":null}},"31":{"start":{"line":116,"column":2},"end":{"line":116,"column":null}},"32":{"start":{"line":119,"column":1},"end":{"line":119,"column":null}},"33":{"start":{"line":127,"column":25},"end":{"line":127,"column":null}},"34":{"start":{"line":129,"column":1},"end":{"line":129,"column":null}},"35":{"start":{"line":131,"column":1},"end":{"line":133,"column":null}},"36":{"start":{"line":132,"column":2},"end":{"line":132,"column":null}},"37":{"start":{"line":134,"column":1},"end":{"line":136,"column":null}},"38":{"start":{"line":135,"column":2},"end":{"line":135,"column":null}},"39":{"start":{"line":139,"column":1},"end":{"line":141,"column":null}},"40":{"start":{"line":140,"column":2},"end":{"line":140,"column":null}},"41":{"start":{"line":143,"column":1},"end":{"line":143,"column":null}},"42":{"start":{"line":150,"column":25},"end":{"line":150,"column":null}},"43":{"start":{"line":152,"column":1},"end":{"line":152,"column":null}},"44":{"start":{"line":153,"column":1},"end":{"line":153,"column":null}},"45":{"start":{"line":155,"column":1},"end":{"line":158,"column":null}},"46":{"start":{"line":156,"column":2},"end":{"line":156,"column":null}},"47":{"start":{"line":157,"column":2},"end":{"line":157,"column":null}},"48":{"start":{"line":159,"column":1},"end":{"line":162,"column":null}},"49":{"start":{"line":160,"column":2},"end":{"line":160,"column":null}},"50":{"start":{"line":161,"column":2},"end":{"line":161,"column":null}},"51":{"start":{"line":165,"column":1},"end":{"line":167,"column":null}},"52":{"start":{"line":166,"column":2},"end":{"line":166,"column":null}},"53":{"start":{"line":169,"column":1},"end":{"line":171,"column":null}},"54":{"start":{"line":170,"column":2},"end":{"line":170,"column":null}},"55":{"start":{"line":173,"column":1},"end":{"line":173,"column":null}},"56":{"start":{"line":180,"column":25},"end":{"line":180,"column":null}},"57":{"start":{"line":183,"column":1},"end":{"line":183,"column":null}},"58":{"start":{"line":184,"column":1},"end":{"line":184,"column":null}},"59":{"start":{"line":187,"column":1},"end":{"line":200,"column":null}},"60":{"start":{"line":188,"column":2},"end":{"line":188,"column":null}},"61":{"start":{"line":189,"column":2},"end":{"line":189,"column":null}},"62":{"start":{"line":190,"column":2},"end":{"line":192,"column":null}},"63":{"start":{"line":191,"column":3},"end":{"line":191,"column":null}},"64":{"start":{"line":193,"column":2},"end":{"line":195,"column":null}},"65":{"start":{"line":194,"column":3},"end":{"line":194,"column":null}},"66":{"start":{"line":196,"column":2},"end":{"line":198,"column":null}},"67":{"start":{"line":197,"column":3},"end":{"line":197,"column":null}},"68":{"start":{"line":199,"column":2},"end":{"line":199,"column":null}},"69":{"start":{"line":203,"column":1},"end":{"line":211,"column":null}},"70":{"start":{"line":204,"column":2},"end":{"line":204,"column":null}},"71":{"start":{"line":205,"column":2},"end":{"line":205,"column":null}},"72":{"start":{"line":206,"column":2},"end":{"line":209,"column":null}},"73":{"start":{"line":207,"column":20},"end":{"line":207,"column":null}},"74":{"start":{"line":208,"column":3},"end":{"line":208,"column":null}},"75":{"start":{"line":210,"column":2},"end":{"line":210,"column":null}},"76":{"start":{"line":214,"column":1},"end":{"line":232,"column":null}},"77":{"start":{"line":215,"column":2},"end":{"line":215,"column":null}},"78":{"start":{"line":216,"column":2},"end":{"line":216,"column":null}},"79":{"start":{"line":217,"column":2},"end":{"line":223,"column":null}},"80":{"start":{"line":218,"column":21},"end":{"line":218,"column":null}},"81":{"start":{"line":219,"column":3},"end":{"line":219,"column":null}},"82":{"start":{"line":220,"column":3},"end":{"line":222,"column":null}},"83":{"start":{"line":221,"column":4},"end":{"line":221,"column":null}},"84":{"start":{"line":224,"column":2},"end":{"line":224,"column":null}},"85":{"start":{"line":225,"column":1},"end":{"line":232,"column":null}},"86":{"start":{"line":227,"column":2},"end":{"line":227,"column":null}},"87":{"start":{"line":228,"column":2},"end":{"line":230,"column":null}},"88":{"start":{"line":229,"column":3},"end":{"line":229,"column":null}},"89":{"start":{"line":231,"column":2},"end":{"line":231,"column":null}},"90":{"start":{"line":235,"column":1},"end":{"line":245,"column":null}},"91":{"start":{"line":236,"column":2},"end":{"line":236,"column":null}},"92":{"start":{"line":237,"column":2},"end":{"line":237,"column":null}},"93":{"start":{"line":238,"column":2},"end":{"line":243,"column":null}},"94":{"start":{"line":239,"column":3},"end":{"line":239,"column":null}},"95":{"start":{"line":240,"column":3},"end":{"line":242,"column":null}},"96":{"start":{"line":241,"column":4},"end":{"line":241,"column":null}},"97":{"start":{"line":244,"column":2},"end":{"line":244,"column":null}},"98":{"start":{"line":248,"column":1},"end":{"line":273,"column":null}},"99":{"start":{"line":249,"column":2},"end":{"line":249,"column":null}},"100":{"start":{"line":250,"column":2},"end":{"line":250,"column":null}},"101":{"start":{"line":251,"column":2},"end":{"line":271,"column":null}},"102":{"start":{"line":252,"column":20},"end":{"line":252,"column":null}},"103":{"start":{"line":253,"column":3},"end":{"line":253,"column":null}},"104":{"start":{"line":254,"column":3},"end":{"line":256,"column":null}},"105":{"start":{"line":255,"column":4},"end":{"line":255,"column":null}},"106":{"start":{"line":258,"column":9},"end":{"line":258,"column":null}},"107":{"start":{"line":258,"column":66},"end":{"line":258,"column":90}},"108":{"start":{"line":259,"column":3},"end":{"line":270,"column":null}},"109":{"start":{"line":260,"column":4},"end":{"line":269,"column":null}},"110":{"start":{"line":261,"column":20},"end":{"line":261,"column":null}},"111":{"start":{"line":261,"column":45},"end":{"line":261,"column":72}},"112":{"start":{"line":262,"column":5},"end":{"line":268,"column":null}},"113":{"start":{"line":263,"column":26},"end":{"line":263,"column":null}},"114":{"start":{"line":264,"column":6},"end":{"line":266,"column":null}},"115":{"start":{"line":265,"column":7},"end":{"line":265,"column":null}},"116":{"start":{"line":267,"column":6},"end":{"line":267,"column":null}},"117":{"start":{"line":272,"column":2},"end":{"line":272,"column":null}},"118":{"start":{"line":276,"column":1},"end":{"line":293,"column":null}},"119":{"start":{"line":277,"column":2},"end":{"line":277,"column":null}},"120":{"start":{"line":278,"column":2},"end":{"line":278,"column":null}},"121":{"start":{"line":279,"column":2},"end":{"line":284,"column":null}},"122":{"start":{"line":280,"column":3},"end":{"line":280,"column":null}},"123":{"start":{"line":281,"column":3},"end":{"line":283,"column":null}},"124":{"start":{"line":282,"column":4},"end":{"line":282,"column":null}},"125":{"start":{"line":285,"column":2},"end":{"line":291,"column":null}},"126":{"start":{"line":286,"column":3},"end":{"line":286,"column":null}},"127":{"start":{"line":287,"column":3},"end":{"line":287,"column":null}},"128":{"start":{"line":288,"column":3},"end":{"line":290,"column":null}},"129":{"start":{"line":289,"column":4},"end":{"line":289,"column":null}},"130":{"start":{"line":292,"column":2},"end":{"line":292,"column":null}},"131":{"start":{"line":296,"column":1},"end":{"line":303,"column":null}},"132":{"start":{"line":297,"column":2},"end":{"line":297,"column":null}},"133":{"start":{"line":298,"column":2},"end":{"line":298,"column":null}},"134":{"start":{"line":300,"column":2},"end":{"line":302,"column":null}},"135":{"start":{"line":301,"column":3},"end":{"line":301,"column":null}},"136":{"start":{"line":306,"column":1},"end":{"line":306,"column":null}},"137":{"start":{"line":307,"column":1},"end":{"line":307,"column":null}},"138":{"start":{"line":309,"column":1},"end":{"line":309,"column":null}},"139":{"start":{"line":316,"column":18},"end":{"line":316,"column":null}},"140":{"start":{"line":317,"column":18},"end":{"line":317,"column":null}},"141":{"start":{"line":318,"column":1},"end":{"line":318,"column":null}},"142":{"start":{"line":329,"column":2},"end":{"line":329,"column":null}},"143":{"start":{"line":327,"column":18},"end":{"line":327,"column":null}},"144":{"start":{"line":330,"column":2},"end":{"line":330,"column":null}},"145":{"start":{"line":338,"column":1},"end":{"line":338,"column":null}},"146":{"start":{"line":338,"column":40},"end":{"line":338,"column":null}},"147":{"start":{"line":340,"column":13},"end":{"line":340,"column":null}},"148":{"start":{"line":343,"column":24},"end":{"line":343,"column":null}},"149":{"start":{"line":344,"column":1},"end":{"line":346,"column":null}},"150":{"start":{"line":345,"column":2},"end":{"line":345,"column":null}},"151":{"start":{"line":345,"column":23},"end":{"line":345,"column":null}},"152":{"start":{"line":349,"column":1},"end":{"line":349,"column":null}},"153":{"start":{"line":349,"column":34},"end":{"line":349,"column":null}},"154":{"start":{"line":350,"column":1},"end":{"line":350,"column":null}},"155":{"start":{"line":350,"column":35},"end":{"line":350,"column":null}},"156":{"start":{"line":352,"column":1},"end":{"line":352,"column":null}},"157":{"start":{"line":367,"column":1},"end":{"line":367,"column":null}},"158":{"start":{"line":377,"column":1},"end":{"line":381,"column":null}},"159":{"start":{"line":378,"column":2},"end":{"line":378,"column":null}},"160":{"start":{"line":380,"column":2},"end":{"line":380,"column":null}},"161":{"start":{"line":384,"column":1},"end":{"line":389,"column":null}},"162":{"start":{"line":385,"column":2},"end":{"line":388,"column":null}},"163":{"start":{"line":392,"column":18},"end":{"line":392,"column":null}},"164":{"start":{"line":395,"column":1},"end":{"line":412,"column":null}},"165":{"start":{"line":396,"column":2},"end":{"line":401,"column":null}},"166":{"start":{"line":397,"column":3},"end":{"line":400,"column":null}},"167":{"start":{"line":403,"column":2},"end":{"line":406,"column":null}},"168":{"start":{"line":405,"column":3},"end":{"line":405,"column":null}},"169":{"start":{"line":410,"column":2},"end":{"line":410,"column":null}},"170":{"start":{"line":411,"column":2},"end":{"line":411,"column":null}},"171":{"start":{"line":415,"column":17},"end":{"line":415,"column":null}},"172":{"start":{"line":419,"column":65},"end":{"line":419,"column":null}},"173":{"start":{"line":421,"column":1},"end":{"line":421,"column":null}},"174":{"start":{"line":429,"column":1},"end":{"line":431,"column":null}},"175":{"start":{"line":430,"column":2},"end":{"line":430,"column":null}},"176":{"start":{"line":432,"column":1},"end":{"line":434,"column":null}},"177":{"start":{"line":433,"column":2},"end":{"line":433,"column":null}},"178":{"start":{"line":435,"column":1},"end":{"line":437,"column":null}},"179":{"start":{"line":436,"column":2},"end":{"line":436,"column":null}},"180":{"start":{"line":438,"column":1},"end":{"line":438,"column":null}},"181":{"start":{"line":445,"column":7},"end":{"line":445,"column":null}},"182":{"start":{"line":448,"column":15},"end":{"line":448,"column":null}},"183":{"start":{"line":451,"column":23},"end":{"line":457,"column":null}},"184":{"start":{"line":462,"column":1},"end":{"line":462,"column":null}},"185":{"start":{"line":482,"column":7},"end":{"line":482,"column":null}},"186":{"start":{"line":485,"column":19},"end":{"line":485,"column":null}},"187":{"start":{"line":488,"column":23},"end":{"line":494,"column":null}},"188":{"start":{"line":497,"column":36},"end":{"line":508,"column":null}},"189":{"start":{"line":498,"column":36},"end":{"line":502,"column":null}},"190":{"start":{"line":504,"column":2},"end":{"line":506,"column":null}},"191":{"start":{"line":505,"column":3},"end":{"line":505,"column":null}},"192":{"start":{"line":507,"column":2},"end":{"line":507,"column":null}},"193":{"start":{"line":510,"column":1},"end":{"line":510,"column":null}},"194":{"start":{"line":517,"column":1},"end":{"line":533,"column":null}},"195":{"start":{"line":518,"column":17},"end":{"line":518,"column":null}},"196":{"start":{"line":520,"column":2},"end":{"line":526,"column":null}},"197":{"start":{"line":521,"column":3},"end":{"line":525,"column":null}},"198":{"start":{"line":522,"column":4},"end":{"line":522,"column":null}},"199":{"start":{"line":524,"column":4},"end":{"line":524,"column":null}},"200":{"start":{"line":528,"column":2},"end":{"line":530,"column":null}},"201":{"start":{"line":529,"column":3},"end":{"line":529,"column":null}},"202":{"start":{"line":532,"column":2},"end":{"line":532,"column":null}},"203":{"start":{"line":541,"column":1},"end":{"line":541,"column":null}},"204":{"start":{"line":541,"column":48},"end":{"line":541,"column":null}},"205":{"start":{"line":544,"column":1},"end":{"line":544,"column":null}},"206":{"start":{"line":544,"column":39},"end":{"line":544,"column":null}},"207":{"start":{"line":546,"column":1},"end":{"line":546,"column":null}}},"fnMap":{"0":{"name":"sanitizeFilename","decl":{"start":{"line":22,"column":9},"end":{"line":22,"column":26}},"loc":{"start":{"line":22,"column":48},"end":{"line":28,"column":null}},"line":22},"1":{"name":"exportGameToJSON","decl":{"start":{"line":35,"column":16},"end":{"line":35,"column":33}},"loc":{"start":{"line":35,"column":79},"end":{"line":49,"column":null}},"line":35},"2":{"name":"downloadFile","decl":{"start":{"line":54,"column":16},"end":{"line":54,"column":29}},"loc":{"start":{"line":54,"column":88},"end":{"line":69,"column":null}},"line":54},"3":{"name":"downloadGameAsJSON","decl":{"start":{"line":76,"column":16},"end":{"line":76,"column":35}},"loc":{"start":{"line":76,"column":79},"end":{"line":80,"column":null}},"line":76},"4":{"name":"formatTone","decl":{"start":{"line":85,"column":9},"end":{"line":85,"column":20}},"loc":{"start":{"line":85,"column":52},"end":{"line":87,"column":null}},"line":85},"5":{"name":"escapeMarkdown","decl":{"start":{"line":92,"column":9},"end":{"line":92,"column":24}},"loc":{"start":{"line":92,"column":58},"end":{"line":95,"column":null}},"line":92},"6":{"name":"formatScene","decl":{"start":{"line":101,"column":9},"end":{"line":101,"column":21}},"loc":{"start":{"line":101,"column":61},"end":{"line":120,"column":null}},"line":101},"7":{"name":"formatEvent","decl":{"start":{"line":126,"column":9},"end":{"line":126,"column":21}},"loc":{"start":{"line":126,"column":61},"end":{"line":144,"column":null}},"line":126},"8":{"name":"formatPeriod","decl":{"start":{"line":149,"column":9},"end":{"line":149,"column":22}},"loc":{"start":{"line":149,"column":48},"end":{"line":174,"column":null}},"line":149},"9":{"name":"exportGameToMarkdown","decl":{"start":{"line":179,"column":16},"end":{"line":179,"column":37}},"loc":{"start":{"line":179,"column":57},"end":{"line":310,"column":null}},"line":179},"10":{"name":"(anonymous_10)","decl":{"start":{"line":206,"column":23},"end":{"line":206,"column":24}},"loc":{"start":{"line":206,"column":40},"end":{"line":209,"column":3}},"line":206},"11":{"name":"(anonymous_11)","decl":{"start":{"line":217,"column":23},"end":{"line":217,"column":24}},"loc":{"start":{"line":217,"column":39},"end":{"line":223,"column":3}},"line":217},"12":{"name":"(anonymous_12)","decl":{"start":{"line":258,"column":59},"end":{"line":258,"column":60}},"loc":{"start":{"line":258,"column":66},"end":{"line":258,"column":90}},"line":258},"13":{"name":"(anonymous_13)","decl":{"start":{"line":261,"column":38},"end":{"line":261,"column":39}},"loc":{"start":{"line":261,"column":45},"end":{"line":261,"column":72}},"line":261},"14":{"name":"downloadGameAsMarkdown"
[...]
80:1:180:Infinity":56,"s:181:1:181:Infinity":57,"f:184:9:184:27":6,"s:185:1:185:Infinity":58,"f:185:36:185:37":7,"s:185:43:185:67":59,"s:186:1:186:Infinity":60,"s:187:1:187:Infinity":61,"f:190:9:190:29":8,"s:191:1:191:Infinity":62,"s:192:1:192:Infinity":63,"s:193:1:193:Infinity":64,"f:196:9:196:25":9,"s:197:16:197:Infinity":65,"f:197:34:197:35":10,"s:197:41:197:65":66,"b:198:1:202:Infinity:undefined:undefined:undefined:undefined":2,"s:198:1:202:Infinity":67,"s:199:17:199:Infinity":68,"b:199:27:199:51:199:51:199:Infinity":3,"s:200:2:200:Infinity":69,"s:201:2:201:Infinity":70,"s:203:1:203:Infinity":71,"s:204:1:204:Infinity":72,"f:208:9:208:26":11,"s:209:16:209:Infinity":73,"f:209:34:209:35":12,"s:209:41:209:65":74,"b:210:1:213:Infinity:undefined:undefined:undefined:undefined":4,"s:210:1:213:Infinity":75,"s:211:2:211:Infinity":76,"s:212:2:212:Infinity":77,"s:214:1:214:Infinity":78,"s:215:1:215:Infinity":79,"f:218:9:218:28":13,"s:219:16:219:Infinity":80,"f:219:34:219:35":14,"s:219:41:219:65":81,"b:220:1:223:Infinity:undefined:undefined:undefined:undefined":5,"s:220:1:223:Infinity":82,"s:221:2:221:Infinity":83,"f:221:39:221:40":15,"s:221:46:221:69":84,"s:222:2:222:Infinity":85,"s:224:1:224:Infinity":86,"s:225:1:225:Infinity":87,"f:228:9:228:26":16,"s:229:16:229:Infinity":88,"f:229:34:229:35":17,"s:229:41:229:65":89,"b:230:1:233:Infinity:undefined:undefined:undefined:undefined":6,"s:230:1:233:Infinity":90,"s:231:2:231:Infinity":91,"f:231:39:231:40":18,"s:231:46:231:69":92,"s:232:2:232:Infinity":93,"s:234:1:234:Infinity":94,"s:235:1:235:Infinity":95,"f:238:9:238:28":19,"s:239:16:239:Infinity":96,"f:239:34:239:35":20,"s:239:41:239:65":97,"b:240:1:243:Infinity:undefined:undefined:undefined:undefined":7,"s:240:1:243:Infinity":98,"s:241:2:241:Infinity":99,"s:242:2:242:Infinity":100,"s:244:1:244:Infinity":101,"s:245:1:245:Infinity":102,"f:248:9:248:24":21,"s:249:16:249:Infinity":103,"f:249:34:249:35":22,"s:249:41:249:65":104,"s:250:15:250:Infinity":105,"f:250:35:250:36":23,"s:250:42:250:65":106,"b:251:1:255:Infinity:undefined:undefined:undefined:undefined":8,"s:251:1:255:Infinity":107,"s:252:17:252:Infinity":108,"b:252:27:252:51:252:51:252:Infinity":9,"s:253:2:253:Infinity":109,"s:254:2:254:Infinity":110,"s:256:1:256:Infinity":111,"s:257:1:257:Infinity":112,"f:261:9:261:26":24,"s:262:16:262:Infinity":113,"f:262:34:262:35":25,"s:262:41:262:65":114,"s:263:15:263:Infinity":115,"f:263:35:263:36":26,"s:263:42:263:65":116,"b:264:1:267:Infinity:undefined:undefined:undefined:undefined":10,"s:264:1:267:Infinity":117,"s:265:2:265:Infinity":118,"s:266:2:266:Infinity":119,"s:268:1:268:Infinity":120,"s:269:1:269:Infinity":121,"f:272:9:272:28":27,"s:273:16:273:Infinity":122,"f:273:34:273:35":28,"s:273:41:273:65":123,"s:274:15:274:Infinity":124,"f:274:35:274:36":29,"s:274:42:274:65":125,"b:275:1:278:Infinity:undefined:undefined:undefined:undefined":11,"s:275:1:278:Infinity":126,"s:276:2:276:Infinity":127,"f:276:37:276:38":30,"s:276:44:276:67":128,"s:277:2:277:Infinity":129,"s:279:1:279:Infinity":130,"s:280:1:280:Infinity":131,"f:283:9:283:26":31,"s:284:16:284:Infinity":132,"f:284:34:284:35":32,"s:284:41:284:65":133,"s:285:15:285:Infinity":134,"f:285:35:285:36":33,"s:285:42:285:65":135,"b:286:1:289:Infinity:undefined:undefined:undefined:undefined":12,"s:286:1:289:Infinity":136,"s:287:2:287:Infinity":137,"f:287:37:287:38":34,"s:287:44:287:67":138,"s:288:2:288:Infinity":139,"s:290:1:290:Infinity":140,"s:291:1:291:Infinity":141,"f:294:9:294:28":35,"s:295:16:295:Infinity":142,"f:295:34:295:35":36,"s:295:41:295:65":143,"s:296:15:296:Infinity":144,"f:296:35:296:36":37,"s:296:42:296:65":145,"b:297:1:300:Infinity:undefined:undefined:undefined:undefined":13,"s:297:1:300:Infinity":146,"s:298:2:298:Infinity":147,"s:299:2:299:Infinity":148,"s:301:1:301:Infinity":149,"s:302:1:302:Infinity":150,"f:305:9:305:24":38,"s:306:16:306:Infinity":151,"f:306:34:306:35":39,"s:306:41:306:65":152,"s:307:15:307:Infinity":153,"f:307:35:307:36":40,"s:307:42:307:65":154,"s:308:15:308:Infinity":155,"f:308:34:308:35":41,"s:308:41:308:64":156,"b:309:1:313:Infinity:undefined:undefined:undefined:undefined":14,"s:309:1:313:Infinity":157,"s:310:17:310:Infinity":158,"b:310:27:310:51:310:51:310:Infinity":15,"s:311:2:311:Infinity":159,"s:312:2:312:Infinity":160,"s:314:1:314:Infinity":161,"s:315:1:315:Infinity":162,"f:319:9:319:31":42,"s:320:16:320:Infinity":163,"b:320:26:320:50:320:50:320:Infinity":16,"b:321:1:321:Infinity:undefined:undefined:undefined:undefined":17,"s:321:1:321:Infinity":164,"s:321:32:321:Infinity":165,"b:322:1:322:Infinity:undefined:undefined:undefined:undefined":18,"s:322:1:322:Infinity":166,"s:322:33:322:Infinity":167,"b:323:1:323:Infinity:undefined:undefined:undefined:undefined":19,"s:323:1:323:Infinity":168,"s:323:35:323:Infinity":169,"b:324:1:324:Infinity:undefined:undefined:undefined:undefined":20,"s:324:1:324:Infinity":170,"s:324:45:324:Infinity":171,"b:325:1:325:Infinity:undefined:undefined:undefined:undefined":21,"s:325:1:325:Infinity":172,"s:325:35:325:Infinity":173,"b:326:1:326:Infinity:undefined:undefined:undefined:undefined":22,"s:326:1:326:Infinity":174,"s:326:45:326:Infinity":175,"b:327:1:327:Infinity:undefined:undefined:undefined:undefined":23,"s:327:1:327:Infinity":176,"s:327:38:327:Infinity":177,"b:328:1:328:Infinity:undefined:undefined:undefined:undefined":24,"s:328:1:328:Infinity":178,"s:328:35:328:Infinity":179,"b:329:1:329:Infinity:undefined:undefined:undefined:undefined":25,"s:329:1:329:Infinity":180,"s:329:36:329:Infinity":181,"s:330:1:330:Infinity":182,"s:331:1:331:Infinity":183,"f:335:9:335:24":43,"s:336:1:336:Infinity":184,"s:337:1:337:Infinity":185,"s:338:1:338:Infinity":186,"f:341:9:341:26":44,"s:342:1:342:Infinity":187,"f:342:38:342:39":45,"s:342:45:342:70":188,"s:343:1:343:Infinity":189,"s:344:1:344:Infinity":190,"f:347:9:347:27":46,"s:348:1:348:Infinity":191,"f:348:38:348:39":47,"s:348:45:348:70":192,"s:349:1:349:Infinity":193,"s:350:1:350:Infinity":194,"f:353:9:353:29":48,"s:354:1:354:Infinity":195,"s:355:1:355:Infinity":196,"s:356:1:356:Infinity":197,"f:359:9:359:25":49,"s:360:16:360:Infinity":198,"f:360:35:360:36":50,"s:360:42:360:66":199,"b:361:1:364:Infinity:undefined:undefined:undefined:undefined":26,"s:361:1:364:Infinity":200,"s:362:17:362:Infinity":201,"b:362:27:362:51:362:51:362:Infinity":27,"s:363:2:363:Infinity":202,"s:365:1:365:Infinity":203,"s:366:1:366:Infinity":204,"f:370:9:370:29":51,"s:371:15:371:Infinity":205,"b:371:25:371:48:371:48:371:Infinity":28,"s:372:20:372:Infinity":206,"f:372:45:372:46":52,"s:372:52:372:61":207,"s:373:1:373:Infinity":208,"f:373:26:373:27":53,"s:373:34:373:53":209,"s:374:1:374:Infinity":210,"s:375:1:375:Infinity":211,"f:378:9:378:28":54,"s:379:16:379:Infinity":212,"f:379:34:379:35":55,"s:379:41:379:65":213,"b:380:1:385:Infinity:undefined:undefined:undefined:undefined":29,"s:380:1:385:Infinity":214,"s:381:16:381:Infinity":215,"b:381:26:381:49:381:49:381:Infinity":30,"s:382:20:382:Infinity":216,"f:382:46:382:47":56,"s:382:53:382:62":217,"s:383:2:383:Infinity":218,"f:383:28:383:29":57,"s:383:36:383:54":219,"s:384:2:384:Infinity":220,"s:386:1:386:Infinity":221,"s:387:1:387:Infinity":222,"f:390:9:390:28":58,"s:391:16:391:Infinity":223,"f:391:34:391:35":59,"s:391:41:391:65":224,"s:392:15:392:Infinity":225,"f:392:35:392:36":60,"s:392:42:392:65":226,"b:393:1:398:Infinity:undefined:undefined:undefined:undefined":31,"s:393:1:398:Infinity":227,"s:394:16:394:Infinity":228,"b:394:26:394:49:394:49:394:Infinity":32,"s:395:20:395:Infinity":229,"f:395:45:395:46":61,"s:395:52:395:61":230,"s:396:2:396:Infinity":231,"f:396:27:396:28":62,"s:396:35:396:53":232,"s:397:2:397:Infinity":233,"s:399:1:399:Infinity":234,"s:400:1:400:Infinity":235,"f:404:9:404:27":63,"b:406:1:406:Infinity:undefined:undefined:undefined:undefined":33,"s:406:1:406:Infinity":236,"s:406:20:406:Infinity":237,"s:407:1:407:Infinity":238,"s:408:1:408:Infinity":239,"s:409:1:409:Infinity":240,"f:412:9:412:29":64,"b:413:1:413:Infinity:undefined:undefined:undefined:undefined":34,"s:413:1:413:Infinity":241,"s:413:20:413:Infinity":242,"s:414:1:414:Infinity":243,"f:414:36:414:37":65,"s:414:43:414:68":244,"s:415:1:415:Infinity":245,"s:416:1:416:Infinity":246,"f:419:9:419:27":66,"b:420:1:420:Infinity:undefined:undefined:undefined:undefined":35,"s:420:1:420:Infinity":247,"s:420:20:420:Infinity":248,"b:421:1:421:Infinity:undefined:undefined:undefined:undefined":36,"s:421:1:421:Infinity":249,"s:421:29:421:Infinity":250,"s:424:1:424:Infinity":251,"f:424:36:424:37":67,"s:424:43:424:67":252,"s:426:1:426:Infinity":253,"f:426:54:426:55":68,"s:426:61:426:91":254,"b:428:1:430:Infinity:undefined:undefined:undefined:undefined":37,"s:428:1:430:Infinity":255,"s:429:2:429:Infinity":256,"s:431:1:431:Infinity":257,"s:432:1:432:Infinity":258,"f:435:9:435:29":69,"b:436:1:436:Infinity:undefined:undefined:undefined:undefined":38,"s:436:1:436:Infinity":259,"s:436:20:436:Infinity":260,"b:437:1:437:Infinity:undefined:undefined:undefined:undefined":39,"s:437:1:437:Infinity":261,"s:437:29:437:Infinity":262,"s:440:1:440:Infinity":263,"s:442:1:444:Infinity":264,"s:443:2:443:Infinity":265,"b:446:1:448:Infinity:undefined:undefined:undefined:undefined":40,"s:446:1:448:Infinity":266,"s:447:2:447:Infinity":267,"s:449:1:449:Infinity":268,"s:450:1:450:Infinity":269,"f:453:9:453:25":70,"b:454:1:454:Infinity:undefined:undefined:undefined:undefined":41,"s:454:1:454:Infinity":270,"s:454:20:454:Infinity":271,"s:455:16:455:Infinity":272,"f:455:34:455:35":71,"s:455:41:455:65":273,"b:456:1:462:Infinity:undefined:undefined:undefined:undefined":42,"s:456:1:462:Infinity":274,"s:457:17:457:Infinity":275,"b:457:27:457:51:457:51:457:Infinity":43,"b:459:2:459:Infinity:undefined:undefined:undefined:undefined":44,"s:459:2:459:Infinity":276,"s:459:33:459:Infinity":277,"b:460:2:460:Infinity:undefined:undefined:undefined:undefined":45,"s:460:2:460:Infinity":278,"s:460:40:460:Infinity":279,"s:461:2:461:Infinity":280,"s:463:1:463:Infinity":281,"s:464:1:464:Infinity":282,"f:467:9:467:31":72,"b:468:1:468:Infinity:undefined:undefined:undefined:undefined":46,"s:468:1:468:Infinity":283,"s:468:29:468:Infinity":284,"s:471:1:471:Infinity":285,"f:471:54:471:55":73,"s:471:61:471:91":286,"s:473:1:473:Infinity":287,"s:475:1:475:Infinity":288,"s:476:1:476:Infinity":289,"s:477:1:477:Infinity":290,"f:480:9:480:33":74,"b:481:1:481:Infinity:undefined:undefined:undefined:undefined":47,"s:481:1:481:Infinity":291,"s:481:29:481:Infinity":292,"s:484:1:484:Infinity":293,"s:486:1:486:Infinity":294,"f:486:54:486:55":75,"s:486:61:486:89":295,"s:488:1:490:Infinity":296,"s:489:2:489:Infinity":297,"s:491:1:491:Infinity":298,"s:492:1:492:Infinity":299,"f:495:9:495:33":76,"s:496:1:496:Infinity":300,"s:497:1:497:Infinity":301,"s:498:1:498:Infinity":302,"f:501:9:501:35":77,"s:502:1:502:Infinity":303,"s:503:1:503:Infinity":304,"s:504:1:504:Infinity":305}}}
,"/home/runner/work/microscope-canvas/microscope-canvas/src/lib/utils/constants.ts": {"path":"/home/runner/work/microscope-canvas/microscope-canvas/src/lib/utils/constants.ts","statementMap":{"0":{"start":{"line":10,"column":36},"end":{"line":10,"column":null}},"1":{"start":{"line":15,"column":37},"end":{"line":15,"column":null}},"2":{"start":{"line":20,"column":36},"end":{"line":20,"column":null}},"3":{"start":{"line":25,"column":37},"end":{"line":25,"column":null}},"4":{"start":{"line":33,"column":1},"end":{"line":36,"column":null}},"5":{"start":{"line":34,"column":2},"end":{"line":34,"column":null}},"6":{"start":{"line":35,"column":2},"end":{"line":35,"column":null}},"7":{"start":{"line":37,"column":1},"end":{"line":37,"column":null}},"8":{"start":{"line":46,"column":20},"end":{"line":46,"column":null}},"9":{"start":{"line":47,"column":18},"end":{"line":47,"column":null}},"10":{"start":{"line":48,"column":1},"end":{"line":52,"column":null}},"11":{"start":{"line":49,"column":2},"end":{"line":51,"column":null}},"12":{"start":{"line":53,"column":1},"end":{"line":53,"column":null}},"13":{"start":{"line":62,"column":20},"end":{"line":62,"column":null}},"14":{"start":{"line":63,"column":18},"end":{"line":63,"column":null}},"15":{"start":{"line":64,"column":1},"end":{"line":68,"column":null}},"16":{"start":{"line":65,"column":2},"end":{"line":67,"column":null}},"17":{"start":{"line":69,"column":1},"end":{"line":69,"column":null}},"18":{"start":{"line":78,"column":20},"end":{"line":78,"column":null}},"19":{"start":{"line":79,"column":18},"end":{"line":79,"column":null}},"20":{"start":{"line":80,"column":1},"end":{"line":82,"column":null}},"21":{"start":{"line":81,"column":2},"end":{"line":81,"column":null}},"22":{"start":{"line":83,"column":1},"end":{"line":83,"column":null}},"23":{"start":{"line":92,"column":20},"end":{"line":92,"column":null}},"24":{"start":{"line":93,"column":18},"end":{"line":93,"column":null}},"25":{"start":{"line":94,"column":1},"end":{"line":98,"column":null}},"26":{"start":{"line":95,"column":2},"end":{"line":97,"column":null}},"27":{"start":{"line":99,"column":1},"end":{"line":99,"column":null}}},"fnMap":{"0":{"name":"validateCount","decl":{"start":{"line":32,"column":9},"end":{"line":32,"column":23}},"loc":{"start":{"line":32,"column":46},"end":{"line":38,"column":null}},"line":32},"1":{"name":"wouldExceedPeriodCap","decl":{"start":{"line":45,"column":16},"end":{"line":45,"column":37}},"loc":{"start":{"line":45,"column":68},"end":{"line":54,"column":null}},"line":45},"2":{"name":"wouldExceedEventCap","decl":{"start":{"line":61,"column":16},"end":{"line":61,"column":36}},"loc":{"start":{"line":61,"column":67},"end":{"line":70,"column":null}},"line":61},"3":{"name":"wouldExceedSceneCap","decl":{"start":{"line":77,"column":16},"end":{"line":77,"column":36}},"loc":{"start":{"line":77,"column":67},"end":{"line":84,"column":null}},"line":77},"4":{"name":"wouldExceedLegacyCap","decl":{"start":{"line":91,"column":16},"end":{"line":91,"column":37}},"loc":{"start":{"line":91,"column":68},"end":{"line":100,"column":null}},"line":91}},"branchMap":{"0":{"loc":{"start":{"line":33,"column":1},"end":{"line":36,"column":null}},"type":"if","locations":[{"start":{"line":33,"column":1},"end":{"line":36,"column":null}},{"start":{},"end":{}}],"line":33},"1":{"loc":{"start":{"line":33,"column":5},"end":{"line":33,"column":44}},"type":"binary-expr","locations":[{"start":{"line":33,"column":5},"end":{"line":33,"column":33}},{"start":{"line":33,"column":33},"end":{"line":33,"column":44}}],"line":33},"2":{"loc":{"start":{"line":48,"column":1},"end":{"line":52,"column":null}},"type":"if","locations":[{"start":{"line":48,"column":1},"end":{"line":52,"column":null}},{"start":{},"end":{}}],"line":48},"3":{"loc":{"start":{"line":64,"column":1},"end":{"line":68,"column":null}},"type":"if","locations":[{"start":{"line":64,"column":1},"end":{"line":68,"column":null}},{"start":{},"end":{}}],"line":64},"4":{"loc":{"start":{"line":80,"column":1},"end":{"line":82,"column":null}},"type":"if","locations":[{"start":{"line":80,"column":1},"end":{"line":82,"column":null}},{"start":{},"end":{}}],"line":80},"5":{"loc":{"start":{"line":94,"column":1},"end":{"line":98,"column":null}},"type":"if","locations":[{"start":{"line":94,"column":1},"end":{"line":98,"column":null}},{"start":{},"end":{}}],"line":94}},"s":{"0":1,"1":1,"2":1,"3":1,"4":13,"5":0,"6":0,"7":13,"8":4,"9":4,"10":4,"11":2,"12":4,"13":3,"14":3,"15":3,"16":1,"17":3,"18":3,"19":3,"20":3,"21":1,"22":3,"23":3,"24":3,"25":3,"26":1,"27":3},"f":{"0":13,"1":4,"2":3,"3":3,"4":3},"b":{"0":[0,13],"1":[13,13],"2":[2,2],"3":[1,2],"4":[1,2],"5":[1,2]},"meta":{"lastBranch":6,"lastFunction":5,"lastStatement":28,"seen":{"s:10:36:10:Infinity":0,"s:15:37:15:Infinity":1,"s:20:36:20:Infinity":2,"s:25:37:25:Infinity":3,"f:32:9:32:23":0,"b:33:1:36:Infinity:undefined:undefined:undefined:undefined":0,"s:33:1:36:Infinity":4,"b:33:5:33:33:33:33:33:44":1,"s:34:2:34:Infinity":5,"s:35:2:35:Infinity":6,"s:37:1:37:Infinity":7,"f:45:16:45:37":1,"s:46:20:46:Infinity":8,"s:47:18:47:Infinity":9,"b:48:1:52:Infinity:undefined:undefined:undefined:undefined":2,"s:48:1:52:Infinity":10,"s:49:2:51:Infinity":11,"s:53:1:53:Infinity":12,"f:61:16:61:36":2,"s:62:20:62:Infinity":13,"s:63:18:63:Infinity":14,"b:64:1:68:Infinity:undefined:undefined:undefined:undefined":3,"s:64:1:68:Infinity":15,"s:65:2:67:Infinity":16,"s:69:1:69:Infinity":17,"f:77:16:77:36":3,"s:78:20:78:Infinity":18,"s:79:18:79:Infinity":19,"b:80:1:82:Infinity:undefined:undefined:undefined:undefined":4,"s:80:1:82:Infinity":20,"s:81:2:81:Infinity":21,"s:83:1:83:Infinity":22,"f:91:16:91:37":4,"s:92:20:92:Infinity":23,"s:93:18:93:Infinity":24,"b:94:1:98:Infinity:undefined:undefined:undefined:undefined":5,"s:94:1:98:Infinity":25,"s:95:2:97:Infinity":26,"s:99:1:99:Infinity":27}}}
,"/home/runner/work/microscope-canvas/microscope-canvas/src/lib/utils/deep-clone.ts": {"path":"/home/runner/work/microscope-canvas/microscope-canvas/src/lib/utils/deep-clone.ts","statementMap":{"0":{"start":{"line":16,"column":1},"end":{"line":18,"column":null}},"1":{"start":{"line":17,"column":2},"end":{"line":17,"column":null}},"2":{"start":{"line":21,"column":1},"end":{"line":23,"column":null}},"3":{"start":{"line":22,"column":2},"end":{"line":22,"column":null}},"4":{"start":{"line":26,"column":1},"end":{"line":28,"column":null}},"5":{"start":{"line":27,"column":2},"end":{"line":27,"column":null}},"6":{"start":{"line":27,"column":27},"end":{"line":27,"column":42}},"7":{"start":{"line":31,"column":16},"end":{"line":31,"column":null}},"8":{"start":{"line":32,"column":1},"end":{"line":36,"column":null}},"9":{"start":{"line":33,"column":2},"end":{"line":35,"column":null}},"10":{"start":{"line":34,"column":3},"end":{"line":34,"column":null}},"11":{"start":{"line":38,"column":1},"end":{"line":38,"column":null}}},"fnMap":{"0":{"name":"deepClone","decl":{"start":{"line":14,"column":16},"end":{"line":14,"column":29}},"loc":{"start":{"line":14,"column":40},"end":{"line":39,"column":null}},"line":14},"1":{"name":"(anonymous_1)","decl":{"start":{"line":27,"column":17},"end":{"line":27,"column":18}},"loc":{"start":{"line":27,"column":27},"end":{"line":27,"column":42}},"line":27}},"branchMap":{"0":{"loc":{"start":{"line":16,"column":1},"end":{"line":18,"column":null}},"type":"if","locations":[{"start":{"line":16,"column":1},"end":{"line":18,"column":null}},{"start":{},"end":{}}],"line":16},"1":{"loc":{"start":{"line":16,"column":5},"end":{"line":16,"column":46}},"type":"binary-expr","locations":[{"start":{"line":16,"column":5},"end":{"line":16,"column":21}},{"start":{"line":16,"column":21},"end":{"line":16,"column":46}}],"line":16},"2":{"loc":{"start":{"line":21,"column":1},"end":{"line":23,"column":null}},"type":"if","locations":[{"start":{"line":21,"column":1},"end":{"line":23,"column":null}},{"start":{},"end":{}}],"line":21},"3":{"loc":{"start":{"line":26,"column":1},"end":{"line":28,"column":null}},"type":"if","locations":[{"start":{"line":26,"column":1},"end":{"line":28,"column":null}},{"start":{},"end":{}}],"line":26},"4":{"loc":{"start":{"line":33,"column":2},"end":{"line":35,"column":null}},"type":"if","locations":[{"start":{"line":33,"column":2},"end":{"line":35,"column":null}},{"start":{},"end":{}}],"line":33}},"s":{"0":5576,"1":4032,"2":1544,"3":3,"4":1541,"5":717,"6":719,"7":824,"8":824,"9":4731,"10":4731,"11":824},"f":{"0":5576,"1":719},"b":{"0":[4032,1544],"1":[5576,5514],"2":[3,1541],"3":[717,824],"4":[4731,0]},"meta":{"lastBranch":5,"lastFunction":2,"lastStatement":12,"seen":{"f:14:16:14:29":0,"b:16:1:18:Infinity:undefined:undefined:undefined:undefined":0,"s:16:1:18:Infinity":0,"b:16:5:16:21:16:21:16:46":1,"s:17:2:17:Infinity":1,"b:21:1:23:Infinity:undefined:undefined:undefined:undefined":2,"s:21:1:23:Infinity":2,"s:22:2:22:Infinity":3,"b:26:1:28:Infinity:undefined:undefined:undefined:undefined":3,"s:26:1:28:Infinity":4,"s:27:2:27:Infinity":5,"f:27:17:27:18":1,"s:27:27:27:42":6,"s:31:16:31:Infinity":7,"s:32:1:36:Infinity":8,"b:33:2:35:Infinity:undefined:undefined:undefined:undefined":4,"s:33:2:35:Infinity":9,"s:34:3:34:Infinity":10,"s:38:1:38:Infinity":11}}}
}
